2025-04-20 21:30:08,284 [INFO] Activator:176 - 


2025-04-20 21:30:08,292 [INFO] Activator:177 - !SESSION log4j initialized
2025-04-20 21:30:14,489 [INFO] LogOutputStream:77 - [STDOUT_REDIRECT] 
2025-04-20 21:30:19,675 [INFO] ApplicationProperties:184 - Using Application install path: C:\ST\STM32CubeIDE_1.16.0\STM32CubeIDE\plugins\com.st.stm32cube.common.mx_6.12.0.202406281431
2025-04-20 21:30:19,692 [INFO] DbMcusXml:78 - Set database path to: C:\ST\STM32CubeIDE_1.16.0\STM32CubeIDE\plugins\com.st.stm32cube.common.mx_6.12.0.202406281431\\db\/mcu/
2025-04-20 21:30:19,692 [INFO] ApiDb:274 - Set plugin database path to: C:\ST\STM32CubeIDE_1.16.0\STM32CubeIDE\plugins\com.st.stm32cube.common.mx_6.12.0.202406281431\\db\/plugins/boardmanager/
2025-04-20 21:30:19,693 [WARN] ApiDb:259 - Overriding images path with different value:  => C:\ST\STM32CubeIDE_1.16.0\STM32CubeIDE\plugins\com.st.stm32cube.common.mx_6.12.0.202406281431\\db\/plugins/mcufinder/images/
2025-04-20 21:30:19,703 [INFO] ApiDb:250 - Set database path to: C:\Users\joe\.stmcufinder\plugins\mcufinder//mcu/
2025-04-20 21:30:19,704 [INFO] DbMcusAds:125 - Set database path to: C:\Users\joe\.stmcufinder\plugins\mcufinder//mcu/
2025-04-20 21:30:19,706 [INFO] CrossReferenceDbSqlite:203 - Set database path to: C:\Users\joe\.stmcufinder\plugins\mcufinder//mcu/cs/
2025-04-20 21:30:19,797 [INFO] RulesReader:64 - Compatibility file has been processed (297 Rules)
2025-04-20 21:30:20,002 [INFO] DbMcusXml:78 - Set database path to: C:\ST\STM32CubeIDE_1.16.0\STM32CubeIDE\plugins\com.st.stm32cube.common.mx_6.12.0.202406281431\\db\/mcu/
2025-04-20 21:30:20,002 [INFO] ApiDb:274 - Set plugin database path to: C:\ST\STM32CubeIDE_1.16.0\STM32CubeIDE\plugins\com.st.stm32cube.common.mx_6.12.0.202406281431\\db\/plugins/boardmanager/
2025-04-20 21:30:20,002 [INFO] ApiDb:261 - Set plugin images path to: C:\ST\STM32CubeIDE_1.16.0\STM32CubeIDE\plugins\com.st.stm32cube.common.mx_6.12.0.202406281431\\db\/plugins/mcufinder/images/
2025-04-20 21:30:20,002 [WARN] DbFile:41 - Overriding database path with different value: C:\Users\joe\.stmcufinder\plugins\mcufinder/ => C:\Users\joe\.stmcufinder\plugins\mcufinder
2025-04-20 21:30:20,002 [INFO] ApiDb:250 - Set database path to: C:\Users\joe\.stmcufinder\plugins\mcufinder//mcu/
2025-04-20 21:30:20,002 [WARN] DbFile:41 - Overriding database path with different value: C:\Users\joe\.stmcufinder\plugins\mcufinder/ => C:\Users\joe\.stmcufinder\plugins\mcufinder
2025-04-20 21:30:20,002 [INFO] DbMcusAds:125 - Set database path to: C:\Users\joe\.stmcufinder\plugins\mcufinder//mcu/
2025-04-20 21:30:20,003 [WARN] DbFile:41 - Overriding database path with different value: C:\Users\joe\.stmcufinder\plugins\mcufinder/ => C:\Users\joe\.stmcufinder\plugins\mcufinder
2025-04-20 21:30:20,003 [WARN] DbFile:41 - Overriding database path with different value: C:\Users\joe\.stmcufinder\plugins\mcufinder/ => C:\Users\joe\.stmcufinder\plugins\mcufinder
2025-04-20 21:30:20,003 [INFO] CrossReferenceDbSqlite:203 - Set database path to: C:\Users\joe\.stmcufinder\plugins\mcufinder//mcu/cs/
2025-04-20 21:30:20,082 [INFO] McuFinderGlobals:63 - Set McuFinder mode to 2 (CubeIDE integrated)
2025-04-20 21:30:20,161 [INFO] MainPanel:268 - HeapMemory: 552599552
2025-04-20 21:30:20,238 [INFO] DbMcusXml:78 - Set database path to: C:\ST\STM32CubeIDE_1.16.0\STM32CubeIDE\plugins\com.st.stm32cube.common.mx_6.12.0.202406281431\\db\/mcu/
2025-04-20 21:30:20,238 [INFO] ApiDb:274 - Set plugin database path to: C:\ST\STM32CubeIDE_1.16.0\STM32CubeIDE\plugins\com.st.stm32cube.common.mx_6.12.0.202406281431\\db\/plugins/boardmanager/
2025-04-20 21:30:20,239 [INFO] ApiDb:261 - Set plugin images path to: C:\ST\STM32CubeIDE_1.16.0\STM32CubeIDE\plugins\com.st.stm32cube.common.mx_6.12.0.202406281431\\db\/plugins/mcufinder/images/
2025-04-20 21:30:20,239 [WARN] DbFile:41 - Overriding database path with different value: C:\Users\joe\.stmcufinder\plugins\mcufinder/ => C:\Users\joe\.stmcufinder\plugins\mcufinder
2025-04-20 21:30:20,239 [INFO] ApiDb:250 - Set database path to: C:\Users\joe\.stmcufinder\plugins\mcufinder//mcu/
2025-04-20 21:30:20,239 [WARN] DbFile:41 - Overriding database path with different value: C:\Users\joe\.stmcufinder\plugins\mcufinder/ => C:\Users\joe\.stmcufinder\plugins\mcufinder
2025-04-20 21:30:20,239 [INFO] DbMcusAds:125 - Set database path to: C:\Users\joe\.stmcufinder\plugins\mcufinder//mcu/
2025-04-20 21:30:20,239 [WARN] DbFile:41 - Overriding database path with different value: C:\Users\joe\.stmcufinder\plugins\mcufinder/ => C:\Users\joe\.stmcufinder\plugins\mcufinder
2025-04-20 21:30:20,239 [WARN] DbFile:41 - Overriding database path with different value: C:\Users\joe\.stmcufinder\plugins\mcufinder/ => C:\Users\joe\.stmcufinder\plugins\mcufinder
2025-04-20 21:30:20,239 [INFO] CrossReferenceDbSqlite:203 - Set database path to: C:\Users\joe\.stmcufinder\plugins\mcufinder//mcu/cs/
2025-04-20 21:30:20,267 [INFO] ApplicationProperties:184 - Using Application install path: C:\ST\STM32CubeIDE_1.16.0\STM32CubeIDE\plugins\com.st.stm32cube.common.mx_6.12.0.202406281431
2025-04-20 21:30:20,268 [INFO] PluginManage:196 - Search for loadable plugins [exclusion list=, ]
2025-04-20 21:30:20,269 [INFO] PluginManage:310 - Check plugin analytics
2025-04-20 21:30:20,424 [INFO] AnalyticsPlugin:253 - Accepted Software Licenses: 
2025-04-20 21:30:20,424 [INFO] AnalyticsPlugin:255 - Accepted CMSIS Pack Licenses: 
2025-04-20 21:30:20,424 [INFO] AnalyticsPlugin:257 - Accepted Firmware Licenses: FW.L4.1.18.0
2025-04-20 21:30:20,427 [INFO] PluginManage:359 - Loaded plugin analytics (category:tool,tabindex:-1)
2025-04-20 21:30:20,428 [INFO] PluginManage:310 - Check plugin cadmodel
2025-04-20 21:30:20,448 [INFO] CADModel:105 - Init CAD model plugin
2025-04-20 21:30:20,448 [INFO] PluginManage:359 - Loaded plugin cadmodel (category:power,tabindex:5)
2025-04-20 21:30:20,449 [INFO] PluginManage:310 - Check plugin clock
2025-04-20 21:30:20,469 [INFO] PluginManage:359 - Loaded plugin clock (category:base,tabindex:2)
2025-04-20 21:30:20,470 [INFO] PluginManage:310 - Check plugin ddr
2025-04-20 21:30:20,472 [INFO] PluginManage:359 - Loaded plugin ddr (category:tool,tabindex:6)
2025-04-20 21:30:20,472 [INFO] PluginManage:310 - Check plugin filemanager
2025-04-20 21:30:20,624 [INFO] PluginManage:359 - Loaded plugin filemanager (category:base,tabindex:10)
2025-04-20 21:30:20,625 [INFO] PluginManage:310 - Check plugin ipmanager
2025-04-20 21:30:20,646 [INFO] PluginManage:359 - Loaded plugin ipmanager (category:base,tabindex:5)
2025-04-20 21:30:20,646 [INFO] PluginManage:310 - Check plugin lpbam
2025-04-20 21:30:20,663 [INFO] PluginManage:359 - Loaded plugin lpbam (category:base,tabindex:0)
2025-04-20 21:30:20,664 [INFO] PluginManage:310 - Check plugin memorymap
2025-04-20 21:30:20,683 [INFO] PluginManage:359 - Loaded plugin memorymap (category:base,tabindex:4)
2025-04-20 21:30:20,684 [INFO] PluginManage:310 - Check plugin pinoutandconfiguration
2025-04-20 21:30:20,702 [INFO] PluginManage:359 - Loaded plugin pinoutandconfiguration (category:base,tabindex:1)
2025-04-20 21:30:20,702 [INFO] PluginManage:310 - Check plugin pinoutconfig
2025-04-20 21:30:20,785 [WARN] SupportedApi:132 - Cannot load RTOS API schema: s4s-elt-must-match.1: The content of 'definitions' must match (annotation?, (simpleType | complexType)?, (unique | key | keyref)*)). A problem was found starting at: attribute.
2025-04-20 21:30:20,890 [INFO] PluginManage:359 - Loaded plugin pinoutconfig (category:base,tabindex:0)
2025-04-20 21:30:20,890 [INFO] PluginManage:310 - Check plugin power
2025-04-20 21:30:20,910 [INFO] PluginManage:359 - Loaded plugin power (category:power,tabindex:4)
2025-04-20 21:30:20,910 [INFO] PluginManage:310 - Check plugin projectmanager
2025-04-20 21:30:20,924 [INFO] PluginManage:359 - Loaded plugin projectmanager (category:projectmanager,tabindex:4)
2025-04-20 21:30:20,924 [INFO] PluginManage:310 - Check plugin rif
2025-04-20 21:30:20,959 [INFO] PluginManage:359 - Loaded plugin rif (category:base,tabindex:3)
2025-04-20 21:30:20,959 [INFO] PluginManage:310 - Check plugin thirdparty
2025-04-20 21:30:21,157 [INFO] PluginManage:359 - Loaded plugin thirdparty (category:base,tabindex:-1)
2025-04-20 21:30:21,157 [WARN] IntegrityCheckThread:84 - waiting for thirdparty lock release [integrity check]
2025-04-20 21:30:21,157 [INFO] IntegrityCheckThread:86 - entering critical section [integrity check]
2025-04-20 21:30:21,157 [INFO] PluginManage:310 - Check plugin tools
2025-04-20 21:30:21,157 [INFO] ThirdPartyUpdaterWithRetryManager:70 - Updater plugin not ready yet. [1/15]
2025-04-20 21:30:21,168 [INFO] PluginManage:359 - Loaded plugin tools (category:base,tabindex:7)
2025-04-20 21:30:21,168 [INFO] PluginManage:310 - Check plugin tutovideos
2025-04-20 21:30:21,331 [INFO] PluginManage:359 - Loaded plugin tutovideos (category:base,tabindex:-1)
2025-04-20 21:30:21,332 [INFO] PluginManage:310 - Check plugin updater
2025-04-20 21:30:21,344 [INFO] PluginManage:359 - Loaded plugin updater (category:base,tabindex:12)
2025-04-20 21:30:21,344 [INFO] PluginManage:310 - Check plugin userauth
2025-04-20 21:30:21,348 [INFO] UserAuth:113 - Init User Auth plugin
2025-04-20 21:30:21,348 [INFO] PluginManage:359 - Loaded plugin userauth (category:base,tabindex:14)
2025-04-20 21:30:21,348 [INFO] PluginManage:283 - PluginManage : Loaded plugins [18]
2025-04-20 21:30:21,651 [INFO] PinOutPanel:1561 - setPackage(No Configuration,No Configuration)
2025-04-20 21:30:21,846 [INFO] CADModel:165 - CPN selected for project level
2025-04-20 21:30:21,846 [INFO] CADModel:114 - Register for checkConnection events
2025-04-20 21:30:21,874 [INFO] IPUIPlugin:80 - create IPUIPlugin
2025-04-20 21:30:21,874 [INFO] PluginManager:220 - loadIPPluginJar : add adc
2025-04-20 21:30:21,886 [INFO] IPUIPlugin:80 - create IPUIPlugin
2025-04-20 21:30:21,886 [INFO] PluginManager:220 - loadIPPluginJar : add aes
2025-04-20 21:30:21,899 [INFO] IPUIPlugin:80 - create IPUIPlugin
2025-04-20 21:30:21,899 [INFO] PluginManager:220 - loadIPPluginJar : add can
2025-04-20 21:30:21,907 [INFO] IPUIPlugin:80 - create IPUIPlugin
2025-04-20 21:30:21,908 [INFO] PluginManager:220 - loadIPPluginJar : add comp
2025-04-20 21:30:21,918 [INFO] IPUIPlugin:80 - create IPUIPlugin
2025-04-20 21:30:21,918 [INFO] PluginManager:220 - loadIPPluginJar : add cryp
2025-04-20 21:30:21,955 [INFO] IPUIPlugin:80 - create IPUIPlugin
2025-04-20 21:30:21,955 [INFO] PluginManager:220 - loadIPPluginJar : add ddr_ctrl_phy
2025-04-20 21:30:21,967 [INFO] IPUIPlugin:80 - create IPUIPlugin
2025-04-20 21:30:21,967 [INFO] PluginManager:220 - loadIPPluginJar : add dfsdm
2025-04-20 21:30:21,984 [INFO] IPUIPlugin:80 - create IPUIPlugin
2025-04-20 21:30:21,984 [INFO] PluginManager:220 - loadIPPluginJar : add dma
2025-04-20 21:30:21,999 [INFO] IPUIPlugin:80 - create IPUIPlugin
2025-04-20 21:30:21,999 [INFO] PluginManager:220 - loadIPPluginJar : add dma3
2025-04-20 21:30:22,012 [INFO] IPUIPlugin:80 - create IPUIPlugin
2025-04-20 21:30:22,012 [INFO] PluginManager:220 - loadIPPluginJar : add extmemmanager
2025-04-20 21:30:22,020 [INFO] IPUIPlugin:80 - create IPUIPlugin
2025-04-20 21:30:22,020 [INFO] PluginManager:220 - loadIPPluginJar : add fatfs
2025-04-20 21:30:22,033 [INFO] IPUIPlugin:80 - create IPUIPlugin
2025-04-20 21:30:22,034 [INFO] PluginManager:220 - loadIPPluginJar : add fmc
2025-04-20 21:30:22,051 [INFO] IPUIPlugin:80 - create IPUIPlugin
2025-04-20 21:30:22,051 [INFO] PluginManager:220 - loadIPPluginJar : add freertos
2025-04-20 21:30:22,061 [INFO] IPUIPlugin:80 - create IPUIPlugin
2025-04-20 21:30:22,061 [INFO] PluginManager:220 - loadIPPluginJar : add genericplugin
2025-04-20 21:30:22,075 [INFO] IPUIPlugin:80 - create IPUIPlugin
2025-04-20 21:30:22,075 [INFO] PluginManager:220 - loadIPPluginJar : add gfxmmu
2025-04-20 21:30:22,092 [INFO] IPUIPlugin:80 - create IPUIPlugin
2025-04-20 21:30:22,092 [INFO] PluginManager:220 - loadIPPluginJar : add gic
2025-04-20 21:30:22,107 [INFO] IPUIPlugin:80 - create IPUIPlugin
2025-04-20 21:30:22,107 [INFO] PluginManager:220 - loadIPPluginJar : add gpio
2025-04-20 21:30:22,121 [INFO] IPUIPlugin:80 - create IPUIPlugin
2025-04-20 21:30:22,121 [INFO] PluginManager:220 - loadIPPluginJar : add gtzc
2025-04-20 21:30:22,133 [INFO] IPUIPlugin:80 - create IPUIPlugin
2025-04-20 21:30:22,133 [INFO] PluginManager:220 - loadIPPluginJar : add hash
2025-04-20 21:30:22,146 [INFO] IPUIPlugin:80 - create IPUIPlugin
2025-04-20 21:30:22,146 [INFO] PluginManager:220 - loadIPPluginJar : add i2c
2025-04-20 21:30:22,157 [INFO] IPUIPlugin:80 - create IPUIPlugin
2025-04-20 21:30:22,157 [INFO] PluginManager:220 - loadIPPluginJar : add i2s
2025-04-20 21:30:22,170 [INFO] IPUIPlugin:80 - create IPUIPlugin
2025-04-20 21:30:22,170 [INFO] PluginManager:220 - loadIPPluginJar : add i3c
2025-04-20 21:30:22,186 [INFO] IPUIPlugin:80 - create IPUIPlugin
2025-04-20 21:30:22,187 [INFO] PluginManager:220 - loadIPPluginJar : add ipddr
2025-04-20 21:30:22,203 [INFO] IPUIPlugin:80 - create IPUIPlugin
2025-04-20 21:30:22,204 [INFO] PluginManager:220 - loadIPPluginJar : add linkedlist
2025-04-20 21:30:22,215 [INFO] IPUIPlugin:80 - create IPUIPlugin
2025-04-20 21:30:22,216 [INFO] PluginManager:220 - loadIPPluginJar : add lorawan
2025-04-20 21:30:22,227 [INFO] IPUIPlugin:80 - create IPUIPlugin
2025-04-20 21:30:22,227 [INFO] PluginManager:220 - loadIPPluginJar : add ltdc
2025-04-20 21:30:22,243 [INFO] IPUIPlugin:80 - create IPUIPlugin
2025-04-20 21:30:22,243 [INFO] PluginManager:220 - loadIPPluginJar : add mdma
2025-04-20 21:30:22,257 [INFO] IPUIPlugin:80 - create IPUIPlugin
2025-04-20 21:30:22,257 [INFO] PluginManager:220 - loadIPPluginJar : add nvic
2025-04-20 21:30:22,269 [INFO] IPUIPlugin:80 - create IPUIPlugin
2025-04-20 21:30:22,269 [INFO] PluginManager:220 - loadIPPluginJar : add opamp
2025-04-20 21:30:22,284 [INFO] IPUIPlugin:80 - create IPUIPlugin
2025-04-20 21:30:22,284 [INFO] PluginManager:220 - loadIPPluginJar : add openamp
2025-04-20 21:30:22,296 [INFO] IPUIPlugin:80 - create IPUIPlugin
2025-04-20 21:30:22,296 [INFO] PluginManager:220 - loadIPPluginJar : add pdm2pcm
2025-04-20 21:30:22,311 [INFO] IPUIPlugin:80 - create IPUIPlugin
2025-04-20 21:30:22,313 [INFO] PluginManager:220 - loadIPPluginJar : add plateformsettings
2025-04-20 21:30:22,321 [INFO] IPUIPlugin:80 - create IPUIPlugin
2025-04-20 21:30:22,321 [INFO] PluginManager:220 - loadIPPluginJar : add quadspi
2025-04-20 21:30:22,330 [INFO] IPUIPlugin:80 - create IPUIPlugin
2025-04-20 21:30:22,331 [INFO] PluginManager:220 - loadIPPluginJar : add radio
2025-04-20 21:30:22,344 [INFO] IPUIPlugin:80 - create IPUIPlugin
2025-04-20 21:30:22,344 [INFO] PluginManager:220 - loadIPPluginJar : add resmgrutility
2025-04-20 21:30:22,358 [INFO] IPUIPlugin:80 - create IPUIPlugin
2025-04-20 21:30:22,358 [INFO] PluginManager:220 - loadIPPluginJar : add sai
2025-04-20 21:30:22,370 [INFO] IPUIPlugin:80 - create IPUIPlugin
2025-04-20 21:30:22,370 [INFO] PluginManager:220 - loadIPPluginJar : add spi
2025-04-20 21:30:22,386 [INFO] IPUIPlugin:80 - create IPUIPlugin
2025-04-20 21:30:22,386 [INFO] PluginManager:220 - loadIPPluginJar : add stm32_wpan
2025-04-20 21:30:22,395 [INFO] IPUIPlugin:80 - create IPUIPlugin
2025-04-20 21:30:22,395 [INFO] PluginManager:220 - loadIPPluginJar : add tim
2025-04-20 21:30:22,411 [INFO] IPUIPlugin:80 - create IPUIPlugin
2025-04-20 21:30:22,411 [INFO] PluginManager:220 - loadIPPluginJar : add touchsensing
2025-04-20 21:30:22,421 [INFO] IPUIPlugin:80 - create IPUIPlugin
2025-04-20 21:30:22,421 [INFO] PluginManager:220 - loadIPPluginJar : add tracer_emb
2025-04-20 21:30:22,430 [INFO] IPUIPlugin:80 - create IPUIPlugin
2025-04-20 21:30:22,430 [INFO] PluginManager:220 - loadIPPluginJar : add ts
2025-04-20 21:30:22,440 [INFO] IPUIPlugin:80 - create IPUIPlugin
2025-04-20 21:30:22,440 [INFO] PluginManager:220 - loadIPPluginJar : add tsc
2025-04-20 21:30:22,449 [INFO] IPUIPlugin:80 - create IPUIPlugin
2025-04-20 21:30:22,449 [INFO] PluginManager:220 - loadIPPluginJar : add ucpd
2025-04-20 21:30:22,462 [INFO] IPUIPlugin:80 - create IPUIPlugin
2025-04-20 21:30:22,462 [INFO] PluginManager:220 - loadIPPluginJar : add usart
2025-04-20 21:30:22,475 [INFO] IPUIPlugin:80 - create IPUIPlugin
2025-04-20 21:30:22,475 [INFO] PluginManager:220 - loadIPPluginJar : add usbx
2025-04-20 21:30:22,668 [INFO] CADModel:165 - CPN selected for project level
2025-04-20 21:30:22,668 [INFO] CADModel:114 - Register for checkConnection events
2025-04-20 21:30:22,668 [FATAL] Updater:334 - Updater called before beeing initialized
2025-04-20 21:30:22,668 [ERROR] CADModel:125 - Updater not yet initialized, retry later 
2025-04-20 21:30:22,771 [INFO] CADModel:165 - CPN selected for project level
2025-04-20 21:30:22,771 [INFO] CADModel:114 - Register for checkConnection events
2025-04-20 21:30:22,771 [FATAL] Updater:334 - Updater called before beeing initialized
2025-04-20 21:30:22,771 [ERROR] CADModel:125 - Updater not yet initialized, retry later 
2025-04-20 21:30:22,774 [FATAL] Updater:334 - Updater called before beeing initialized
2025-04-20 21:30:22,998 [FATAL] Updater:334 - Updater called before beeing initialized
2025-04-20 21:30:23,004 [INFO] DbMcusAds:53 - JSON generation date=Thu Mar 06 22:54:22 CST 2025 (1741272862078)
2025-04-20 21:30:23,004 [FATAL] Updater:334 - Updater called before beeing initialized
2025-04-20 21:30:23,073 [WARN] DetailPanel:346 - Failed to get advertising image, set to default
2025-04-20 21:30:23,183 [FATAL] Updater:334 - Updater called before beeing initialized
2025-04-20 21:30:23,185 [FATAL] Updater:334 - Updater called before beeing initialized
2025-04-20 21:30:23,185 [FATAL] Updater:334 - Updater called before beeing initialized
2025-04-20 21:30:23,185 [WARN] DetailPanel:346 - Failed to get advertising image, set to default
2025-04-20 21:30:23,185 [FATAL] Updater:334 - Updater called before beeing initialized
2025-04-20 21:30:23,259 [ERROR] Updater:1164 - MainUpdater not yet initialized. External WinMGr cannot be set.
2025-04-20 21:30:23,263 [INFO] Updater:1100 - Updater Version found : 6.12.0
2025-04-20 21:30:23,277 [INFO] ApplicationProperties:184 - Using Application install path: C:\ST\STM32CubeIDE_1.16.0\STM32CubeIDE\plugins\com.st.stm32cube.common.mx_6.12.0.202406281431
2025-04-20 21:30:24,159 [INFO] ThirdPartyUpdaterWithRetryManager:70 - Updater plugin not ready yet. [2/15]
2025-04-20 21:30:24,858 [ERROR] LogOutputStream:75 - [STDERR_REDIRECT] Apr 20, 2025 9:30:24 PM java.util.prefs.WindowsPreferences <init>
2025-04-20 21:30:24,859 [ERROR] LogOutputStream:75 - [STDERR_REDIRECT] WARNING: Could not open/create prefs root node Software\JavaSoft\Prefs at root 0xffffffff80000002. Windows RegCreateKeyEx(...) returned error code 5.
2025-04-20 21:30:24,859 [ERROR] LogOutputStream:75 - [STDERR_REDIRECT] 
2025-04-20 21:30:25,088 [INFO] MainUpdater:2873 - connection check result : 10
2025-04-20 21:30:25,088 [INFO] MainUpdater:3567 - Updater definition file requires update
2025-04-20 21:30:25,090 [INFO] MainUpdater:290 - Updater Check For Update Now.
2025-04-20 21:30:25,090 [INFO] MicroXplorer:498 - Change Database Version : DB.6.0.120
2025-04-20 21:30:25,096 [INFO] McuFinderGlobals:63 - Set McuFinder mode to 2 (CubeIDE integrated)
2025-04-20 21:30:25,100 [INFO] UserAuth:417 - Internet connection configuration mode: 1
2025-04-20 21:30:25,101 [INFO] ServerAccessManage:473 - Download File updaters.zip
2025-04-20 21:30:25,119 [INFO] JxBrowserEngine:152 - Initiate JxBrowser Engine with user profile folder
2025-04-20 21:30:25,207 [INFO] FileExtend:240 - Unzip File : updaters.zip
2025-04-20 21:30:25,207 [INFO] FileExtend:255 - Standard Zip Deflate
2025-04-20 21:30:27,160 [WARN] MainUpdater:1194 - Updater busy. Cannot search thirdparties
2025-04-20 21:30:27,161 [INFO] ThirdPartyUpdaterWithRetryManager:96 - Updater plugin is busy. [1/15]
2025-04-20 21:30:27,344 [INFO] ServerAccessManage:473 - Download File PacksControlFlags.xml
2025-04-20 21:30:27,421 [INFO] ServerAccessManage:473 - Download File cubemx.pidx
2025-04-20 21:30:27,969 [INFO] WebApp:167 - Instantiating new browser for Auth
2025-04-20 21:30:28,306 [INFO] ServerAccessManage:473 - Download File STMicroelectronics.X-CUBE-MEMS1.pdsc
2025-04-20 21:30:28,970 [INFO] WebApp:448 - Apply proxy settings
2025-04-20 21:30:28,971 [INFO] WebApp:533 - Chromium requires no authentication
2025-04-20 21:30:28,980 [INFO] WebApp:476 - Direct internet connection detected
2025-04-20 21:30:29,007 [INFO] WebApp:869 - Register for checkConnection events
2025-04-20 21:30:29,008 [INFO] WebApp:448 - Apply proxy settings
2025-04-20 21:30:29,008 [INFO] WebApp:533 - Chromium requires no authentication
2025-04-20 21:30:29,008 [INFO] WebApp:476 - Direct internet connection detected
2025-04-20 21:30:29,182 [INFO] WebApp:220 - Starting web application
2025-04-20 21:30:29,182 [INFO] WebApp:578 - Web application path used C:\ST\STM32CubeIDE_1.16.0\STM32CubeIDE\plugins\com.st.stm32cube.common.mx_6.12.0.202406281431\db\plugins\mcufinder\reactClient1\index.html
2025-04-20 21:30:29,190 [INFO] WebApp:186 - Connection restablished
2025-04-20 21:30:29,335 [INFO] UserAuth:417 - Internet connection configuration mode: 1
2025-04-20 21:30:29,407 [INFO] ServerAccessManage:473 - Download File STMicroelectronics.X-CUBE-TOF1.pdsc
2025-04-20 21:30:30,161 [WARN] MainUpdater:1194 - Updater busy. Cannot search thirdparties
2025-04-20 21:30:30,161 [INFO] ThirdPartyUpdaterWithRetryManager:96 - Updater plugin is busy. [2/15]
2025-04-20 21:30:30,527 [ERROR] ServerAccessManage:1089 - Problem, file not found on Server
2025-04-20 21:30:31,298 [INFO] ServerAccessManage:473 - Download File Avnet-IotConnect.X-CUBE-IoTC-DA16k-PMOD.pdsc
2025-04-20 21:30:31,506 [WARN] PackLoader:240 - Cannot read IP mode file for STMicroelectronics.X-CUBE-MEMS1.11.2.0
2025-04-20 21:30:31,587 [INFO] CheckServerUpdateThread:120 - End of CheckServer Thread
2025-04-20 21:30:31,686 [WARN] PopulateThirdPartyThread:106 - Error when creating pack: C:/Users/joe/.stm32cubemx/thirdparties/pdsc/STMicroelectronics.X-CUBE-TOF1.pdsc
2025-04-20 21:30:31,689 [WARN] PopulateThirdPartyThread:106 - Error when creating pack: C:/Users/joe/.stm32cubemx/thirdparties/pdsc/Avnet-IotConnect.X-CUBE-IoTC-DA16k-PMOD.pdsc
2025-04-20 21:30:31,689 [INFO] PopulateThirdPartyThread:66 - Ending populate Thread
2025-04-20 21:30:31,691 [INFO] ThirdParty:1030 - CMSIS Pack Vendor :STMicroelectronics X-CUBE-MEMS1 11.2.0
2025-04-20 21:30:31,691 [INFO] LoadServerUpdatesThread:375 - End of LoadServerUpdate Thread
2025-04-20 21:30:31,713 [INFO] MainUpdater:2873 - connection check result : 10
2025-04-20 21:30:31,719 [INFO] MainUpdater:2873 - connection check result : 10
2025-04-20 21:30:31,915 [INFO] RulesReader:64 - Compatibility file has been processed (297 Rules)
2025-04-20 21:30:31,929 [INFO] RulesReader:64 - Compatibility file has been processed (297 Rules)
2025-04-20 21:30:31,937 [INFO] MicroXplorer:468 - Change Database Path : 
2025-04-20 21:30:31,937 [INFO] MicroXplorer:498 - Change Database Version : DB.6.0.120
2025-04-20 21:30:31,944 [WARN] ThirdParty:871 - waiting for thirdparty lock release [close project]
2025-04-20 21:30:33,560 [WARN] PackLoader:240 - Cannot read IP mode file for STMicroelectronics.FP-SNS-MOTENVWB1.1.4.0
2025-04-20 21:30:33,569 [WARN] PackLoader:240 - Cannot read IP mode file for STMicroelectronics.FP-ATR-ASTRA1.2.0.2
2025-04-20 21:30:33,575 [WARN] PackLoader:240 - Cannot read IP mode file for STMicroelectronics.FP-ATR-ASTRA1.2.0.1
2025-04-20 21:30:33,586 [WARN] PackLoader:240 - Cannot read IP mode file for STMicroelectronics.X-CUBE-SMBUS.2.1.0
2025-04-20 21:30:33,597 [WARN] PackLoader:240 - Cannot read IP mode file for STMicroelectronics.X-CUBE-WB05N.1.1.0
2025-04-20 21:30:33,621 [WARN] PackLoader:240 - Cannot read IP mode file for STMicroelectronics.X-CUBE-AZRTOS-F7.1.1.0
2025-04-20 21:30:33,670 [WARN] PackLoader:240 - Cannot read IP mode file for STMicroelectronics.X-CUBE-MEMS1.11.0.0
2025-04-20 21:30:33,759 [WARN] PackLoader:240 - Cannot read IP mode file for STMicroelectronics.FP-SNS-FLIGHT1.5.0.2
2025-04-20 21:30:33,773 [WARN] PackLoader:240 - Cannot read IP mode file for STMicroelectronics.X-CUBE-DISPLAY.3.0.0
2025-04-20 21:30:33,787 [WARN] PackLoader:240 - Cannot read IP mode file for STMicroelectronics.X-CUBE-BLE1.7.0.0
2025-04-20 21:30:33,800 [WARN] PackLoader:240 - Cannot read IP mode file for STMicroelectronics.X-CUBE-NFC10.1.0.0
2025-04-20 21:30:33,815 [WARN] PackLoader:240 - Cannot read IP mode file for STMicroelectronics.X-CUBE-BLEMGR.4.0.0
2025-04-20 21:30:33,831 [WARN] PackLoader:240 - Cannot read IP mode file for emotas.I-CUBE-CANOPEN.1.3.0
2025-04-20 21:30:33,844 [WARN] PackLoader:240 - Cannot read IP mode file for STMicroelectronics.X-CUBE-BLEMGR.3.1.0
2025-04-20 21:30:33,856 [WARN] PackLoader:240 - Cannot read IP mode file for STMicroelectronics.X-CUBE-AI.10.0.0
2025-04-20 21:30:33,867 [WARN] PackLoader:240 - Cannot read IP mode file for STMicroelectronics.FP-SNS-SMARTAG2.1.2.0
2025-04-20 21:30:33,875 [ERROR] Engine:466 - C:\Users\joe\.stm32cubemx\thirdparties\pdsc\STMicroelectronics.FP-SNS-FLIGHT1.5.1.0.pdsc: PDSC version is not supported
2025-04-20 21:30:33,934 [WARN] PackLoader:240 - Cannot read IP mode file for STMicroelectronics.X-CUBE-MEMS1.11.1.0
2025-04-20 21:30:34,039 [INFO] LogOutputStream:77 - [STDOUT_REDIRECT] 1 : Invalid condition id : UX_CORESTACK_Condition cause : null
2025-04-20 21:30:34,041 [INFO] LogOutputStream:77 - [STDOUT_REDIRECT] 1 : Invalid condition id : UX_CORESTACK_Condition cause : null
2025-04-20 21:30:34,042 [INFO] LogOutputStream:77 - [STDOUT_REDIRECT] 1 : Invalid condition id : UX_CORESTACK_Condition cause : null
2025-04-20 21:30:34,043 [INFO] LogOutputStream:77 - [STDOUT_REDIRECT] 1 : Invalid condition id : UX_CORESTACK_Condition cause : null
2025-04-20 21:30:34,044 [INFO] LogOutputStream:77 - [STDOUT_REDIRECT] 1 : Invalid condition id : UX_CORESTACK_Condition cause : null
2025-04-20 21:30:34,046 [WARN] PackLoader:240 - Cannot read IP mode file for STMicroelectronics.X-CUBE-AZRTOS-WL.2.0.0
2025-04-20 21:30:34,057 [WARN] PackLoader:240 - Cannot read IP mode file for STMicroelectronics.FP-SNS-MOTENV1.5.0.0
2025-04-20 21:30:34,072 [WARN] PackLoader:240 - Cannot read IP mode file for wolfSSL.I-CUBE-wolfMQTT.1.19.0
2025-04-20 21:30:34,086 [WARN] PackLoader:240 - Cannot read IP mode file for WES.I-CUBE-Cesium.1.3.0
2025-04-20 21:30:34,097 [WARN] PackLoader:240 - Cannot read IP mode file for STMicroelectronics.X-CUBE-BLE2.3.3.0
2025-04-20 21:30:34,112 [WARN] PackLoader:240 - Cannot read IP mode file for STMicroelectronics.X-CUBE-NFC9.1.0.0
2025-04-20 21:30:34,127 [WARN] PackLoader:240 - Cannot read IP mode file for STMicroelectronics.X-CUBE-BLE1.7.1.0
2025-04-20 21:30:34,141 [WARN] PackLoader:240 - Cannot read IP mode file for STMicroelectronics.X-CUBE-TCPP.4.1.0
2025-04-20 21:30:34,189 [WARN] PackLoader:240 - Cannot read IP mode file for STMicroelectronics.X-CUBE-MEMS1.11.2.0
2025-04-20 21:30:34,291 [WARN] PackLoader:240 - Cannot read IP mode file for STMicroelectronics.X-CUBE-AZRTOS-G0.1.1.0
2025-04-20 21:30:34,306 [WARN] PackLoader:240 - Cannot read IP mode file for STMicroelectronics.X-CUBE-SAFEA1.1.2.2
2025-04-20 21:30:34,321 [WARN] PackLoader:240 - Cannot read IP mode file for STMicroelectronics.X-CUBE-NFC4.3.0.0
2025-04-20 21:30:34,340 [WARN] PackLoader:240 - Cannot read IP mode file for EmbeddedOffice.I-CUBE-FS-RTOS.1.0.1
2025-04-20 21:30:34,340 [ERROR] ConditionMgr:805 - Attr not supported : Dmpu
2025-04-20 21:30:34,341 [ERROR] ConditionMgr:805 - Attr not supported : Dmpu
2025-04-20 21:30:34,341 [ERROR] ConditionMgr:805 - Attr not supported : Dmpu
2025-04-20 21:30:34,341 [ERROR] ConditionMgr:805 - Attr not supported : Dmpu
2025-04-20 21:30:34,341 [ERROR] ConditionMgr:805 - Attr not supported : Dmpu
2025-04-20 21:30:34,341 [ERROR] ConditionMgr:805 - Attr not supported : Dmpu
2025-04-20 21:30:34,341 [ERROR] ConditionMgr:805 - Attr not supported : Dmpu
2025-04-20 21:30:34,341 [ERROR] ConditionMgr:805 - Attr not supported : Dmpu
2025-04-20 21:30:34,341 [ERROR] ConditionMgr:805 - Attr not supported : Dmpu
2025-04-20 21:30:34,341 [ERROR] ConditionMgr:805 - Attr not supported : Dmpu
2025-04-20 21:30:34,341 [ERROR] ConditionMgr:805 - Attr not supported : Dmpu
2025-04-20 21:30:34,341 [ERROR] ConditionMgr:805 - Attr not supported : Dmpu
2025-04-20 21:30:34,341 [ERROR] ConditionMgr:805 - Attr not supported : Dmpu
2025-04-20 21:30:34,341 [ERROR] ConditionMgr:805 - Attr not supported : Dmpu
2025-04-20 21:30:34,342 [ERROR] ConditionMgr:805 - Attr not supported : Dmpu
2025-04-20 21:30:34,342 [ERROR] ConditionMgr:805 - Attr not supported : Dmpu
2025-04-20 21:30:34,342 [ERROR] ConditionMgr:805 - Attr not supported : Dmpu
2025-04-20 21:30:34,342 [ERROR] ConditionMgr:805 - Attr not supported : Dmpu
2025-04-20 21:30:34,342 [ERROR] ConditionMgr:805 - Attr not supported : Dmpu
2025-04-20 21:30:34,342 [ERROR] ConditionMgr:805 - Attr not supported : Dmpu
2025-04-20 21:30:34,342 [ERROR] ConditionMgr:805 - Attr not supported : Dmpu
2025-04-20 21:30:34,342 [ERROR] ConditionMgr:805 - Attr not supported : Dmpu
2025-04-20 21:30:34,342 [ERROR] ConditionMgr:805 - Attr not supported : Dmpu
2025-04-20 21:30:34,342 [ERROR] ConditionMgr:805 - Attr not supported : Dmpu
2025-04-20 21:30:34,342 [ERROR] ConditionMgr:805 - Attr not supported : Dmpu
2025-04-20 21:30:34,342 [ERROR] ConditionMgr:805 - Attr not supported : Dmpu
2025-04-20 21:30:34,342 [ERROR] ConditionMgr:805 - Attr not supported : Dmpu
2025-04-20 21:30:34,342 [ERROR] ConditionMgr:805 - Attr not supported : Dmpu
2025-04-20 21:30:34,342 [ERROR] ConditionMgr:805 - Attr not supported : Dmpu
2025-04-20 21:30:34,342 [ERROR] ConditionMgr:805 - Attr not supported : Dmpu
2025-04-20 21:30:34,342 [ERROR] ConditionMgr:805 - Attr not supported : Dmpu
2025-04-20 21:30:34,342 [ERROR] ConditionMgr:805 - Attr not supported : Dmpu
2025-04-20 21:30:34,342 [ERROR] ConditionMgr:805 - Attr not supported : Dmpu
2025-04-20 21:30:34,342 [ERROR] ConditionMgr:805 - Attr not supported : Dmpu
2025-04-20 21:30:34,343 [ERROR] ConditionMgr:805 - Attr not supported : Dmpu
2025-04-20 21:30:34,343 [ERROR] ConditionMgr:805 - Attr not supported : Dmpu
2025-04-20 21:30:34,343 [ERROR] ConditionMgr:805 - Attr not supported : Dmpu
2025-04-20 21:30:34,343 [ERROR] ConditionMgr:805 - Attr not supported : Dmpu
2025-04-20 21:30:34,343 [ERROR] ConditionMgr:805 - Attr not supported : Dmpu
2025-04-20 21:30:34,343 [ERROR] ConditionMgr:805 - Attr not supported : Dmpu
2025-04-20 21:30:34,343 [ERROR] ConditionMgr:805 - Attr not supported : Dmpu
2025-04-20 21:30:34,343 [ERROR] ConditionMgr:805 - Attr not supported : Dmpu
2025-04-20 21:30:34,343 [ERROR] ConditionMgr:805 - Attr not supported : Dmpu
2025-04-20 21:30:34,343 [ERROR] ConditionMgr:805 - Attr not supported : Dmpu
2025-04-20 21:30:34,343 [ERROR] ConditionMgr:805 - Attr not supported : Dmpu
2025-04-20 21:30:34,343 [ERROR] ConditionMgr:805 - Attr not supported : Dmpu
2025-04-20 21:30:34,343 [ERROR] ConditionMgr:805 - Attr not supported : Dmpu
2025-04-20 21:30:34,343 [ERROR] ConditionMgr:805 - Attr not supported : Dmpu
2025-04-20 21:30:34,343 [ERROR] ConditionMgr:805 - Attr not supported : Dmpu
2025-04-20 21:30:34,343 [ERROR] ConditionMgr:805 - Attr not supported : Dmpu
2025-04-20 21:30:34,344 [ERROR] ConditionMgr:805 - Attr not supported : Dmpu
2025-04-20 21:30:34,344 [ERROR] ConditionMgr:805 - Attr not supported : Dmpu
2025-04-20 21:30:34,344 [ERROR] ConditionMgr:805 - Attr not supported : Dmpu
2025-04-20 21:30:34,344 [ERROR] ConditionMgr:805 - Attr not supported : Dmpu
2025-04-20 21:30:34,344 [ERROR] ConditionMgr:805 - Attr not supported : Dmpu
2025-04-20 21:30:34,344 [ERROR] ConditionMgr:805 - Attr not supported : Dmpu
2025-04-20 21:30:34,344 [ERROR] ConditionMgr:805 - Attr not supported : Dmpu
2025-04-20 21:30:34,344 [ERROR] ConditionMgr:805 - Attr not supported : Dmpu
2025-04-20 21:30:34,344 [ERROR] ConditionMgr:805 - Attr not supported : Dmpu
2025-04-20 21:30:34,344 [ERROR] ConditionMgr:805 - Attr not supported : Dmpu
2025-04-20 21:30:34,344 [ERROR] ConditionMgr:805 - Attr not supported : Dmpu
2025-04-20 21:30:34,344 [ERROR] ConditionMgr:805 - Attr not supported : Dmpu
2025-04-20 21:30:34,344 [ERROR] ConditionMgr:805 - Attr not supported : Dmpu
2025-04-20 21:30:34,344 [ERROR] ConditionMgr:805 - Attr not supported : Dmpu
2025-04-20 21:30:34,355 [ERROR] Engine:466 - C:\Users\joe\.stm32cubemx\thirdparties\pdsc\STMicroelectronics.X-CUBE-TCPP.4.2.0.pdsc: PDSC version is not supported
2025-04-20 21:30:34,373 [WARN] PackLoader:240 - Cannot read IP mode file for RealThread.X-CUBE-RT-Thread_Nano.4.1.1
2025-04-20 21:30:34,386 [WARN] PackLoader:240 - Cannot read IP mode file for STMicroelectronics.FP-ATR-SIGFOX1.3.2.0
2025-04-20 21:30:34,398 [WARN] PackLoader:240 - Cannot read IP mode file for wolfSSL.I-CUBE-wolfSSL.5.7.2
2025-04-20 21:30:34,413 [WARN] ConditionMgr:438 - getConditionDescription Invalid condition id : Cortex-A Device cause : null
2025-04-20 21:30:34,445 [WARN] ConditionMgr:1039 - genDependencies : Invalid condition id : Cortex-A Device cause : null
2025-04-20 21:30:34,445 [WARN] ConditionMgr:1039 - genDependencies : Invalid condition id : Cortex-A Device cause : null
2025-04-20 21:30:34,445 [WARN] ConditionMgr:1039 - genDependencies : Invalid condition id : Cortex-A Device cause : null
2025-04-20 21:30:34,460 [WARN] PackLoader:240 - Cannot read IP mode file for STMicroelectronics.X-CUBE-EEPRMA1.5.1.0
2025-04-20 21:30:34,476 [WARN] PackLoader:240 - Cannot read IP mode file for ITTIA_DB.I-CUBE-ITTIADB.8.9.0
2025-04-20 21:30:34,510 [WARN] PackLoader:240 - Cannot read IP mode file for SEGGER.I-CUBE-embOS.1.3.1
2025-04-20 21:30:34,555 [WARN] PackLoader:240 - Cannot read IP mode file for STMicroelectronics.X-CUBE-ALGOBUILD.1.4.0
2025-04-20 21:30:34,569 [WARN] PackLoader:240 - Cannot read IP mode file for STMicroelectronics.X-CUBE-AI.9.1.0
2025-04-20 21:30:34,585 [WARN] PackLoader:240 - Cannot read IP mode file for STMicroelectronics.X-CUBE-GNSS1.6.0.0
2025-04-20 21:30:34,616 [WARN] PackLoader:240 - Cannot read IP mode file for STMicroelectronics.X-CUBE-AZRTOS-F4.1.1.0
2025-04-20 21:30:34,622 [ERROR] Engine:466 - C:\Users\joe\.stm32cubemx\thirdparties\pdsc\Avnet-IotConnect.X-CUBE-IoTC-DA16k-PMOD.1.0.0.pdsc: PDSC version is not supported
2025-04-20 21:30:34,636 [WARN] PackLoader:240 - Cannot read IP mode file for STMicroelectronics.X-CUBE-ISPU.2.1.0
2025-04-20 21:30:34,652 [WARN] PackLoader:240 - Cannot read IP mode file for STMicroelectronics.X-CUBE-FREERTOS.1.2.0
2025-04-20 21:30:34,682 [WARN] PackLoader:240 - Cannot read IP mode file for STMicroelectronics.X-CUBE-AZRTOS-L5.2.0.0
2025-04-20 21:30:34,702 [WARN] PackLoader:240 - Cannot read IP mode file for STMicroelectronics.X-CUBE-NFC6.3.1.0
2025-04-20 21:30:34,720 [WARN] PackLoader:240 - Cannot read IP mode file for STMicroelectronics.X-CUBE-DPower.1.2.0
2025-04-20 21:30:34,730 [WARN] PackLoader:240 - Cannot read IP mode file for STMicroelectronics.X-CUBE-AI.9.0.0
2025-04-20 21:30:34,741 [WARN] PackLoader:240 - Cannot read IP mode file for STMicroelectronics.X-CUBE-FREERTOS.1.3.0
2025-04-20 21:30:34,752 [WARN] PackLoader:240 - Cannot read IP mode file for STMicroelectronics.X-CUBE-NFC7.1.0.1
2025-04-20 21:30:34,764 [WARN] PackLoader:240 - Cannot read IP mode file for STMicroelectronics.X-CUBE-DPower.1.3.0
2025-04-20 21:30:34,789 [WARN] ConditionMgr:438 - getConditionDescription Invalid condition id : LAN8742 Phy interface Condition cause : null
2025-04-20 21:30:34,789 [WARN] PackLoader:240 - Cannot read IP mode file for STMicroelectronics.X-CUBE-AZRTOS-L4.2.0.0
2025-04-20 21:30:34,790 [WARN] ConditionMgr:1039 - genDependencies : Invalid condition id : LAN8742 Phy interface Condition cause : null
2025-04-20 21:30:34,790 [WARN] ConditionMgr:1039 - genDependencies : Invalid condition id : LAN8742 Phy interface Condition cause : null
2025-04-20 21:30:34,790 [WARN] ConditionMgr:1039 - genDependencies : Invalid condition id : LAN8742 Phy interface Condition cause : null
2025-04-20 21:30:34,802 [WARN] PackLoader:240 - Cannot read IP mode file for STMicroelectronics.X-CUBE-SFXS2LP1.4.0.0
2025-04-20 21:30:34,828 [WARN] PackLoader:240 - Cannot read IP mode file for STMicroelectronics.X-CUBE-AZRTOS-H7.3.3.0
2025-04-20 21:30:34,844 [WARN] PackLoader:240 - Cannot read IP mode file for STMicroelectronics.X-CUBE-IPS.3.0.0
2025-04-20 21:30:34,868 [WARN] ConditionMgr:438 - getConditionDescription Invalid condition id : UX DEVICE CLASS RTOS Condition cause : null
2025-04-20 21:30:34,868 [WARN] ConditionMgr:438 - getConditionDescription Invalid condition id : UX DEVICE CLASS RTOS Condition cause : null
2025-04-20 21:30:34,869 [WARN] PackLoader:240 - Cannot read IP mode file for STMicroelectronics.X-CUBE-AZRTOS-WB.2.0.0
2025-04-20 21:30:34,869 [WARN] ConditionMgr:1039 - genDependencies : Invalid condition id : UX DEVICE CLASS RTOS Condition cause : null
2025-04-20 21:30:34,870 [WARN] ConditionMgr:1039 - genDependencies : Invalid condition id : UX DEVICE CLASS RTOS Condition cause : null
2025-04-20 21:30:34,870 [WARN] ConditionMgr:1039 - genDependencies : Invalid condition id : UX DEVICE CLASS RTOS Condition cause : null
2025-04-20 21:30:34,870 [WARN] ConditionMgr:1039 - genDependencies : Invalid condition id : UX DEVICE CLASS RTOS Condition cause : null
2025-04-20 21:30:34,870 [WARN] ConditionMgr:1039 - genDependencies : Invalid condition id : UX DEVICE CLASS RTOS Condition cause : null
2025-04-20 21:30:34,879 [WARN] PackLoader:240 - Cannot read IP mode file for STMicroelectronics.X-CUBE-GNSS1.7.0.0
2025-04-20 21:30:34,890 [WARN] PackLoader:240 - Cannot read IP mode file for STMicroelectronics.X-CUBE-GNSS1.7.0.1
2025-04-20 21:30:34,900 [WARN] PackLoader:240 - Cannot read IP mode file for STMicroelectronics.X-CUBE-TOUCHGFX.4.25.0
2025-04-20 21:30:34,911 [WARN] PackLoader:240 - Cannot read IP mode file for STMicroelectronics.FP-SNS-STBOX1.2.0.0
2025-04-20 21:30:34,926 [WARN] PackLoader:240 - Cannot read IP mode file for STMicroelectronics.X-CUBE-SUBG2.5.0.0
2025-04-20 21:30:34,953 [WARN] PackLoader:240 - Cannot read IP mode file for STMicroelectronics.X-CUBE-AZRTOS-H7RS.1.1.0
2025-04-20 21:30:34,966 [WARN] PackLoader:240 - Cannot read IP mode file for Cesanta.I-CUBE-Mongoose.7.13.0
2025-04-20 21:30:34,988 [WARN] PackLoader:240 - Cannot read IP mode file for STMicroelectronics.X-CUBE-AZRTOS-G4.2.0.0
2025-04-20 21:30:34,999 [WARN] PackLoader:240 - Cannot read IP mode file for STMicroelectronics.X-CUBE-ISPU.2.0.0
2025-04-20 21:30:35,011 [ERROR] Engine:466 - C:\Users\joe\.stm32cubemx\thirdparties\pdsc\STMicroelectronics.X-CUBE-IPS.3.1.0.pdsc: PDSC version is not supported
2025-04-20 21:30:35,021 [WARN] PackLoader:240 - Cannot read IP mode file for STMicroelectronics.X-CUBE-ALS.1.0.2
2025-04-20 21:30:35,029 [WARN] PackLoader:240 - Cannot read IP mode file for STMicroelectronics.X-CUBE-TOUCHGFX.4.24.0
2025-04-20 21:30:35,038 [WARN] PackLoader:240 - Cannot read IP mode file for STMicroelectronics.X-CUBE-TOUCHGFX.4.24.2
2025-04-20 21:30:35,046 [WARN] PackLoader:240 - Cannot read IP mode file for STMicroelectronics.X-CUBE-TOUCHGFX.4.24.1
2025-04-20 21:30:35,056 [WARN] PackLoader:240 - Cannot read IP mode file for wolfSSL.I-CUBE-wolfTPM.3.4.0
2025-04-20 21:30:35,069 [WARN] PackLoader:240 - Cannot read IP mode file for portGmbH.I-Cube-SoM-uGOAL.1.1.0
2025-04-20 21:30:35,094 [WARN] PackLoader:240 - Cannot read IP mode file for STMicroelectronics.X-CUBE-AZRTOS-H7RS.1.0.0
2025-04-20 21:30:35,106 [WARN] PackLoader:240 - Cannot read IP mode file for STMicroelectronics.FP-ATR-ASTRA1.2.0.0
2025-04-20 21:30:35,122 [WARN] PackLoader:240 - Cannot read IP mode file for STMicroelectronics.X-CUBE-TOF1.3.4.2
2025-04-20 21:30:35,131 [ERROR] Engine:466 - C:\Users\joe\.stm32cubemx\thirdparties\pdsc\STMicroelectronics.X-CUBE-TOF1.3.4.3.pdsc: PDSC version is not supported
2025-04-20 21:30:35,152 [WARN] PackLoader:240 - Cannot read IP mode file for Infineon.AIROC-Wi-Fi-Bluetooth-STM32.1.6.1
2025-04-20 21:30:35,169 [WARN] PackLoader:240 - Cannot read IP mode file for wolfSSL.I-CUBE-wolfSSH.1.4.17
2025-04-20 21:30:35,169 [INFO] ThirdParty:978 - Integrity check success = true
2025-04-20 21:30:35,169 [INFO] IntegrityCheckThread:100 - exiting critical section [integrity check]
2025-04-20 21:30:35,169 [INFO] IntegrityCheckThread:103 - End integrity checks thread
2025-04-20 21:30:35,169 [INFO] ThirdParty:873 - entering critical section [close project]
2025-04-20 21:30:35,170 [INFO] ThirdParty:883 - exiting critical section [close project]
2025-04-20 21:30:35,171 [INFO] PinOutPanel:1561 - setPackage(No Configuration,No Configuration)
2025-04-20 21:30:35,174 [INFO] UtilMem:75 - Begin LoadConfig() Used Memory: 196703264 Bytes (552599552)
2025-04-20 21:30:35,176 [INFO] MicroXplorer:468 - Change Database Path : 
2025-04-20 21:30:35,176 [INFO] MicroXplorer:498 - Change Database Version : DB.6.0.120
2025-04-20 21:30:35,176 [INFO] OpenFileManager:332 - Change cursor
2025-04-20 21:30:35,203 [INFO] Mcu:2032 - Initializing MCU STM32L432K(B-C)Ux STM32L432KCUx STM32L432KCU6
2025-04-20 21:30:36,365 [INFO] Context:742 - Trying to add GPIOservice into a context  which must be forbidden
2025-04-20 21:30:36,996 [INFO] RtosManager:555 - Registered RTOS mode: class=CMSIS, group=RTOS, mode=CMSIS_V1, owner=FREERTOS
2025-04-20 21:30:36,996 [INFO] RtosManager:555 - Registered RTOS mode: class=CMSIS, group=RTOS2, mode=CMSIS_V2, owner=FREERTOS
2025-04-20 21:30:36,996 [INFO] RtosManager:555 - Registered RTOS mode: class=RTOS, group=Core, mode=CMSIS_V1, owner=FREERTOS
2025-04-20 21:30:36,996 [INFO] RtosManager:555 - Registered RTOS mode: class=RTOS, group=Core, mode=CMSIS_V2, owner=FREERTOS
2025-04-20 21:30:36,996 [WARN] ModelIntegratedComponent:184 - Missing modes for component STMicroelectronics:FreeRTOS:0.0.1:STMicroelectronics:RTOS:FreeRTOS:Core:::10.2.0:
2025-04-20 21:30:37,008 [WARN] ModelIntegratedComponent:63 - No mode defined for component null
2025-04-20 21:30:37,008 [WARN] ModelIntegratedComponent:63 - No mode defined for component null
2025-04-20 21:30:37,008 [WARN] ModelIntegratedComponent:63 - No mode defined for component null
2025-04-20 21:30:37,008 [WARN] ModelIntegratedComponent:63 - No mode defined for component null
2025-04-20 21:30:37,009 [WARN] ModelIntegratedComponent:63 - No mode defined for component null
2025-04-20 21:30:37,009 [WARN] ModelIntegratedComponent:63 - No mode defined for component null
2025-04-20 21:30:37,009 [WARN] ModelIntegratedComponent:63 - No mode defined for component null
2025-04-20 21:30:37,009 [WARN] ModelIntegratedComponent:63 - No mode defined for component null
2025-04-20 21:30:37,009 [WARN] ModelIntegratedComponent:63 - No mode defined for component null
2025-04-20 21:30:37,009 [WARN] ModelIntegratedComponent:63 - No mode defined for component null
2025-04-20 21:30:37,009 [WARN] ModelIntegratedComponent:63 - No mode defined for component null
2025-04-20 21:30:37,009 [WARN] ModelIntegratedComponent:63 - No mode defined for component null
2025-04-20 21:30:37,009 [WARN] ModelIntegratedComponent:63 - No mode defined for component null
2025-04-20 21:30:37,009 [WARN] ModelIntegratedComponent:63 - No mode defined for component null
2025-04-20 21:30:37,009 [WARN] ModelIntegratedComponent:63 - No mode defined for component null
2025-04-20 21:30:37,009 [WARN] ModelIntegratedComponent:63 - No mode defined for component null
2025-04-20 21:30:37,009 [WARN] ModelIntegratedComponent:63 - No mode defined for component null
2025-04-20 21:30:37,009 [WARN] ModelIntegratedComponent:63 - No mode defined for component null
2025-04-20 21:30:37,009 [WARN] ModelIntegratedComponent:63 - No mode defined for component null
2025-04-20 21:30:37,009 [WARN] ModelIntegratedComponent:63 - No mode defined for component null
2025-04-20 21:30:37,009 [WARN] ModelIntegratedComponent:63 - No mode defined for component null
2025-04-20 21:30:37,009 [WARN] ModelIntegratedComponent:63 - No mode defined for component null
2025-04-20 21:30:37,009 [WARN] ModelIntegratedComponent:63 - No mode defined for component null
2025-04-20 21:30:37,009 [WARN] ModelIntegratedComponent:63 - No mode defined for component null
2025-04-20 21:30:37,009 [WARN] ModelIntegratedComponent:63 - No mode defined for component null
2025-04-20 21:30:37,009 [WARN] ModelIntegratedComponent:63 - No mode defined for component null
2025-04-20 21:30:37,009 [WARN] ModelIntegratedComponent:63 - No mode defined for component null
2025-04-20 21:30:37,009 [WARN] ModelIntegratedComponent:63 - No mode defined for component null
2025-04-20 21:30:37,009 [WARN] ModelIntegratedComponent:63 - No mode defined for component null
2025-04-20 21:30:37,010 [WARN] ModelIntegratedComponent:63 - No mode defined for component null
2025-04-20 21:30:37,010 [WARN] ModelIntegratedComponent:63 - No mode defined for component null
2025-04-20 21:30:37,010 [WARN] ModelIntegratedComponent:63 - No mode defined for component null
2025-04-20 21:30:37,010 [WARN] ModelIntegratedComponent:63 - No mode defined for component null
2025-04-20 21:30:37,010 [WARN] ModelIntegratedComponent:63 - No mode defined for component null
2025-04-20 21:30:37,010 [WARN] ModelIntegratedComponent:63 - No mode defined for component null
2025-04-20 21:30:37,010 [WARN] ModelPack:524 - Component already loaded: STMicroelectronics:HAL Drivers:0.0.0:STMicroelectronics:Device:STMicro_Driver:XSPI:HAL::0.0.1:HAL_XSPI
2025-04-20 21:30:37,112 [INFO] ThirdPartyModel:298 - Start build external matchings
2025-04-20 21:30:37,958 [INFO] ThirdPartyModel:316 - End build external matchings
2025-04-20 21:30:38,212 [INFO] ApiDb:581 - Connected to CubeFinder SQLite database (C:\Users\joe\.stmcufinder\plugins\mcufinder\mcu\cube-finder-db.db)
2025-04-20 21:30:38,290 [INFO] ApiDb:668 - CubeFinder database Data Model version=2.1
2025-04-20 21:30:38,290 [INFO] ApiDb:669 - CubeFinder database Configuration version=3.0.39
2025-04-20 21:30:38,290 [INFO] ApiDb:670 - CubeFinder database generation date=2025-03-24 (1742811287)
2025-04-20 21:30:38,290 [INFO] ApiDb:671 - CubeFinder database FW Pack versions=[FP-ATR-ASTRA1_V2.0.0, FP-SNS-FLIGHT1_V5.0.2, FP-SNS-MOTENV1_V5.0.0, FP-SNS-MOTENVWB1_V1.4.0, FP-SNS-SMARTAG2_V1.2.0, FP-SNS-STBOX1_V2.0.0, STM32Cube_FW_C0_V1.4.0, STM32Cube_FW_F4_V1.28.1, STM32Cube_FW_F7_V1.17.2, STM32Cube_FW_G0_V1.6.2, STM32Cube_FW_G4_V1.6.1, STM32Cube_FW_H5_V1.5.0, STM32Cube_FW_H7RS_V1.2.0, STM32Cube_FW_H7_V1.12.1, STM32Cube_FW_L0_V1.12.2, STM32Cube_FW_L4_V1.18.1, STM32Cube_FW_L5_V1.5.1, STM32Cube_FW_N6_V1.1.0, STM32Cube_FW_U0_V1.2.0, STM32Cube_FW_U3_V1.1.0, STM32Cube_FW_U5_V1.7.0, STM32Cube_FW_WB0_V1.2.0, STM32Cube_FW_WBA_V1.6.0, STM32Cube_FW_WB_V1.22.0, STM32Cube_FW_WL3_V1.1.0, STM32Cube_FW_WL_V1.3.1, X-CUBE-ALGOBUILD_V1.4.0, X-CUBE-ALS_V1.0.2, X-CUBE-AZRTOS-F4_V1.1.0, X-CUBE-AZRTOS-F7_V1.1.0, X-CUBE-AZRTOS-G0_V1.1.0, X-CUBE-AZRTOS-G4_V2.0.0, X-CUBE-AZRTOS-H7RS_V1.0.0, X-CUBE-AZRTOS-H7_V3.3.0, X-CUBE-AZRTOS-L4_V2.0.0, X-CUBE-AZRTOS-L5_V2.0.0, X-CUBE-AZRTOS-WB_V2.0.0, X-CUBE-AZRTOS-WL_V2.0.0, X-CUBE-BLE1_V7.1.0, X-CUBE-BLE2_V3.3.0, X-CUBE-BLEMGR_V4.0.0, X-CUBE-EEPRMA1_V5.1.0, X-CUBE-FREERTOS_V1.3.0, X-CUBE-GNSS1_V6.0.0, X-CUBE-MEMS1_V11.1.0, X-CUBE-NFC4_V3.0.0, X-CUBE-NFC7_V1.0.1, X-CUBE-SFXS2LP1_V4.0.0, X-CUBE-SUBG2_V5.0.0, X-CUBE-TOF1_V3.4.2]
2025-04-20 21:30:38,385 [INFO] DbBoardsSqlite:226 - include board P-NUCLEO-WB55-NUCLEO as a kit item of type 'Nucleo-64'
2025-04-20 21:30:38,386 [INFO] DbBoardsSqlite:226 - include board P-NUCLEO-WB55-USBDONGLE as a kit item of type 'Nucleo USB Dongle'
2025-04-20 21:30:38,386 [INFO] DbBoardsSqlite:226 - include board STEVAL-IDP005V1 as a kit item of type 'Evaluation Board'
2025-04-20 21:30:38,387 [INFO] DbBoardsSqlite:226 - include board STEVAL-IDP005V2 as a kit item of type 'Evaluation Board'
2025-04-20 21:30:38,755 [INFO] ApiDb:240 - Found 646 in-development CPN: [B-G473E-ZEST1S, B-WB1M-WPAN1, B-WL5M-SUBG1, NUCLEO-C031C6, NUCLEO-C071RB, NUCLEO-H503RB, NUCLEO-H533RE, NUCLEO-H563ZI, NUCLEO-H7S3L8, NUCLEO-U031R8, NUCLEO-U083RC, NUCLEO-U545RE-Q, NUCLEO-U5A5ZJ-Q, NUCLEO-WB05KZ, NUCLEO-WB07CC, NUCLEO-WB09KE, NUCLEO-WBA52CG, NUCLEO-WBA55CG, STEVAL-PROTEUS1, STEVAL-SMARTAG2, STEVAL-STWINBX1, STM320518-EVAL, STM32C0116-DK, STM32C011D6Y3TR, STM32C011D6Y6TR, STM32C011F4P3, STM32C011F4P6, STM32C011F4U3, STM32C011F4U6TR, STM32C011F6P3, STM32C011F6P6, STM32C011F6U3, STM32C011F6U6TR, STM32C011J4M3, STM32C011J4M6, STM32C011J6M3, STM32C011J6M6, STM32C0316-DK, STM32C031C4T3, STM32C031C4T6, STM32C031C4U3, STM32C031C4U6, STM32C031C6T3, STM32C031C6T6, STM32C031C6U3, STM32C031C6U6, STM32C031F4P3, STM32C031F4P6, STM32C031F6P3, STM32C031F6P6, STM32C031G4U3, STM32C031G4U6, STM32C031G6U3, STM32C031G6U6, STM32C031K4T3, STM32C031K4T6, STM32C031K4U3, STM32C031K4U6, STM32C031K6T3, STM32C031K6T6, STM32C031K6U3, STM32C031K6U6, STM32C071C8T6, STM32C071C8T6N, STM32C071C8U6, STM32C071C8U6N, STM32C071CBT6, STM32C071CBT6N, STM32C071CBU6, STM32C071CBU6N, STM32C071F8P6, STM32C071F8P6N, STM32C071FBP6, STM32C071FBP6N, STM32C071FBY6TR, STM32C071G8U6, STM32C071G8U6N, STM32C071GBU6, STM32C071GBU6N, STM32C071K8T6, STM32C071K8T6N, STM32C071K8U6, STM32C071K8U6N, STM32C071KBT6, STM32C071KBT6N, STM32C071KBU6, STM32C071KBU6N, STM32C071R8T6, STM32C071R8T6N, STM32C071RBI6N, STM32C071RBT6, STM32C071RBT6N, STM32G071K8TXN, STM32G071K8UXN, STM32G081GBU6N, STM32G081KBT6N, STM32G081KBUXN, STM32G0B1CCT6N, STM32G0B1KCT6, STM32G0B1NEY6TR, STM32G0B1RCT6N, STM32G0C1CCT6, STM32G0C1CCT6N, STM32G0C1CCU6N, STM32G0C1CET6N, STM32G0C1CEU6N, STM32G0C1KCT6, STM32G0C1NEY6TR, STM32G0C1RCI6N, STM32G0C1RCT6N, STM32G0C1REI6N, STM32G0C1RET6N, STM32G0C1VCI6, STM32G0C1VEI6, STM32G411C6T3, STM32G411C6T6, STM32G411C6U3, STM32G411C6U6, STM32G411C8T3, STM32G411C8T6, STM32G411C8U3, STM32G411C8U6, STM32G411CBT3, STM32G411CBT6, STM32G411CBU3, STM32G411CBU6, STM32G411K6T3, STM32G411K6T6, STM32G411K6U3, STM32G411K6U6, STM32G411K8T3, STM32G411K8T6, STM32G411K8U3, STM32G411K8U6, STM32G411KBT3, STM32G411KBT6, STM32G411KBU3, STM32G411KBU6, STM32G411M6T3, STM32G411M6T6, STM32G411M8T3, STM32G411M8T6, STM32G411MBT3, STM32G411MBT6, STM32G411R6T3, STM32G411R6T6, STM32G411R8T3, STM32G411R8T6, STM32G411RBT3, STM32G411RBT6, STM32G414CBT3, STM32G414CBT6, STM32G414CBU3, STM32G414CBU6, STM32G414CCT3, STM32G414CCT6, STM32G414CCU3, STM32G414CCU6, STM32G414MBT3, STM32G414MBT6, STM32G414MCT3, STM32G414MCT6, STM32G414RBT3, STM32G414RBT6, STM32G414RCT3, STM32G414RCT6, STM32G414VBT3, STM32G414VBT6, STM32G414VCT3, STM32G414VCT6, STM32G431CBT3Z, STM32G431RBT3Z, STM32G471CCT6, STM32G471CCU6, STM32G471CET3, STM32G471CET6, STM32G471CEU3, STM32G471CEU6, STM32G471MCT6, STM32G471MET3, STM32G471MET6, STM32G471MEY6TR, STM32G471QCT6, STM32G471QET3, STM32G471RCT6, STM32G471RET3, STM32G471RET6, STM32G471VCH6, STM32G471VCI6, STM32G471VCT6, STM32G471VEH3, STM32G471VEH6, STM32G471VEI3, STM32G471VEI6, STM32G471VET3, STM32G471VET6, STM32G473QET3Z, STM32G473RET3Z, STM32G474CCT6, STM32G491RET3Z, STM32H503CBT6, STM32H503CBU6, STM32H503EBY6TR, STM32H503KBU6, STM32H503RBT6, STM32H523CCT6, STM32H523CCU6, STM32H523CET6, STM32H523CEU6, STM32H523HEY6TR, STM32H523RCT6, STM32H523RET6, STM32H523VCI6, STM32H523VCT6, STM32H523VEI6, STM32H523VET6, STM32H523ZCJ6, STM32H523ZCT6, STM32H523ZEJ6, STM32H523ZET6, STM32H533CET6, STM32H533CEU6, STM32H533HEY6TR, STM32H533RET6, STM32H533VEI6, STM32H533VET6, STM32H533ZEJ6, STM32H533ZET6, STM32H562AGI6, STM32H562AII6, STM32H562IGK6, STM32H562IGT6, STM32H562IIK6, STM32H562IIT6, STM32H562RGT6, STM32H562RGV6, STM32H562RIT6, STM32H562RIV6, STM32H562VGT6, STM32H562VIT6, STM32H562ZGT6, STM32H562ZIT6, STM32H563AGI6, STM32H563AII3Q, STM32H563AII6, STM32H563IGK6, STM32H563IGT6, STM32H563IIK3Q, STM32H563IIK6, STM32H563IIT3Q, STM32H563IIT6, STM32H563MIY3QTR, STM32H563RGT6, STM32H563RGV6, STM32H563RIT6, STM32H563RIV6, STM32H563VGT6, STM32H563VIT3Q, STM32H563VIT6, STM32H563ZGT6, STM32H563ZIT3Q, STM32H563ZIT6, STM32H573AII3Q, STM32H573AII6, STM32H573I-DK, STM32H573IIK3Q, STM32H573IIK6, STM32H573IIT3Q, STM32H573IIT6, STM32H573MIY3QTR, STM32H573RIT6, STM32H573RIV6, STM32H573VIT3Q, STM32H573VIT6, STM32H573ZIT3Q, STM32H573ZIT6, STM32H7R3A8I6, STM32H7R3I8K6, STM32H7R3I8T6, STM32H7R3L8H6, STM32H7R3L8H6H, STM32H7R3R8V6, STM32H7R3V8H6, STM32H7R3V8T6, STM32H7R3V8Y6TR, STM32H7R3Z8J6, STM32H7R3Z8T6, STM32H7R7A8I6, STM32H7R7I8K6, STM32H7R7I8T6, STM32H7R7L8H6, STM32H7R7L8H6H, STM32H7R7Z8J6, STM32H7S3A8I6, STM32H7S3I8K6, STM32H7S3I8T6, STM32H7S3L8H6, STM32H7S3L8H6H, STM32H7S3R8V6, STM32H7S3V8H6, STM32H7S3V8T6, STM32H7S3V8Y6TR, STM32H7S3Z8J6, STM32H7S3Z8T6, STM32H7S78-DK, STM32H7S7A8I6, STM32H7S7I8K6, STM32H7S7I8T6, STM32H7S7L8H6, STM32H7S7L8H6H, STM32H7S7Z8J6, STM32L4R5QGI6STR, STM32MP131AAE3, STM32MP131AAF3, STM32MP131AAG3, STM32MP131CAE3, STM32MP131CAF3, STM32MP131CAG3, STM32MP131DAE7, STM32MP131DAF7, STM32MP131DAG7, STM32MP131FAE7, STM32MP131FAF7, STM32MP131FAG7, STM32MP133AAE3, STM32MP133AAF3, STM32MP133AAG3, STM32MP133CAE3, STM32MP133CAF3, STM32MP133CAG3, STM32MP133DAE7, STM32MP133DAF7, STM32MP133DAG7, STM32MP133FAE7, STM32MP133FAF7, STM32MP133FAG7, STM32MP135AAE3, STM32MP135AAF3, STM32MP135AAG3, STM32MP135CAE3, STM32MP135CAF3, STM32MP135CAG3, STM32MP135DAE7, STM32MP135DAF7, STM32MP135DAG7, STM32MP135F-DK, STM32MP135FAE7, STM32MP135FAF7, STM32MP135FAF7T, STM32MP135FAF7U, STM32MP135FAG7, STM32MP251AAI3, STM32MP251AAK3, STM32MP251AAL3, STM32MP251CAI3, STM32MP251CAK3, STM32MP251CAL3, STM32MP251DAI3, STM32MP251DAK3, STM32MP251DAL3, STM32MP251FAI3, STM32MP251FAK3, STM32MP251FAL3, STM32MP253AAI3, STM32MP253AAK3, STM32MP253AAL3, STM32MP253CAI3, STM32MP253CAK3, STM32MP253CAL3, STM32MP253DAI3, STM32MP253DAK3, STM32MP253DAL3, STM32MP253FAI3, STM32MP253FAK3, STM32MP253FAL3, STM32MP255AAI3, STM32MP255AAK3, STM32MP255AAL3, STM32MP255CAI3, STM32MP255CAK3, STM32MP255CAL3, STM32MP255DAI3, STM32MP255DAK3, STM32MP255DAL3, STM32MP255FAI3, STM32MP255FAK3, STM32MP255FAL3, STM32MP257AAI3, STM32MP257AAK3, STM32MP257AAL3, STM32MP257CAI3, STM32MP257CAK3, STM32MP257CAL3, STM32MP257DAI3, STM32MP257DAK3, STM32MP257DAL3, STM32MP257F-DK, STM32MP257F-EV1, STM32MP257FAI3, STM32MP257FAK3, STM32MP257FAL3, STM32U031C6T6, STM32U031C6U6, STM32U031C8T6, STM32U031C8U6, STM32U031F4P6, STM32U031F6P6, STM32U031F8P6, STM32U031G6Y6TR, STM32U031G8Y6TR, STM32U031K4U6, STM32U031K6U6, STM32U031K8U6, STM32U031R6I6, STM32U031R6T6, STM32U031R8I6, STM32U031R8T6, STM32U073C8T6, STM32U073C8U6, STM32U073CBT6, STM32U073CBU6, STM32U073CCT6, STM32U073CCU6, STM32U073H8Y6TR, STM32U073HBY6TR, STM32U073HCY6TR, STM32U073K8U6, STM32U073KBU6, STM32U073KCU6, STM32U073M8I6, STM32U073M8T6, STM32U073MBI6, STM32U073MBT6, STM32U073MCI6, STM32U073MCT6, STM32U073R8I6, STM32U073R8T6, STM32U073RBI6, STM32U073RBT6, STM32U073RCI6, STM32U073RCT6, STM32U083C-DK, STM32U083CCT6, STM32U083CCU6, STM32U083HCY6TR, STM32U083KCU6, STM32U083MCI6, STM32U083MCT6, STM32U083RCI6, STM32U083RCT6, STM32U535CBT6, STM32U535CBT6Q, STM32U535CBU6, STM32U535CBU6Q, STM32U535CCT6, STM32U535CCT6Q, STM32U535CCU6, STM32U535CCU6Q, STM32U535CET6, STM32U535CET6Q, STM32U535CEU6, STM32U535CEU6Q, STM32U535JEY6QTR, STM32U535NCY6QTR, STM32U535NEY6QTR, STM32U535RBI6, STM32U535RBI6Q, STM32U535RBT6, STM32U535RBT6Q, STM32U535RCI6, STM32U535RCI6Q, STM32U535RCT6, STM32U535RCT6Q, STM32U535REI6, STM32U535REI6Q, STM32U535RET6, STM32U535RET6Q, STM32U535VCI6, STM32U535VCI6Q, STM32U535VCT6, STM32U535VCT6Q, STM32U535VEI6, STM32U535VEI6Q, STM32U535VET6, STM32U535VET6Q, STM32U545CET6, STM32U545CET6Q, STM32U545CEU6, STM32U545CEU6Q, STM32U545JEY6QTR, STM32U545NEY6QTR, STM32U545REI6, STM32U545REI6Q, STM32U545RET6, STM32U545RET6Q, STM32U545VEI6, STM32U545VEI6Q, STM32U545VET6, STM32U545VET6Q, STM32U595AIH6, STM32U595AIH6Q, STM32U595AJH6, STM32U595AJH6Q, STM32U595QII6, STM32U595QII6Q, STM32U595QJI6, STM32U595QJI6Q, STM32U595RIT6, STM32U595RIT6Q, STM32U595RJT6, STM32U595RJT6Q, STM32U595VIT6, STM32U595VIT6Q, STM32U595VJT6, STM32U595VJT6Q, STM32U595ZIT6, STM32U595ZIT6Q, STM32U595ZIY6QTR, STM32U595ZJT6, STM32U595ZJT6Q, STM32U595ZJY6QTR, STM32U599BJY6QTR, STM32U599NIH6Q, STM32U599NJH6Q, STM32U599VIT6Q, STM32U599VJT6, STM32U599VJT6Q, STM32U599ZIT6Q, STM32U599ZIY6QTR, STM32U599ZJT6Q, STM32U599ZJY6QTR, STM32U5A5AJH6, STM32U5A5AJH6Q, STM32U5A5QII3Q , STM32U5A5QJI6, STM32U5A5QJI6Q, STM32U5A5RJT6, STM32U5A5RJT6Q, STM32U5A5VJT6, STM32U5A5VJT6Q, STM32U5A5ZJT6, STM32U5A5ZJT6Q, STM32U5A5ZJY6QTR, STM32U5A9BJY6QTR, STM32U5A9J-DK, STM32U5A9NJH6Q, STM32U5A9VJT6Q, STM32U5A9ZJT6Q, STM32U5A9ZJY6QTR, STM32U5F7VIT6, STM32U5F7VIT6Q, STM32U5F7VJT6, STM32U5F7VJT6Q, STM32U5F9BJY6QTR, STM32U5F9NJH6Q, STM32U5F9VIT6Q, STM32U5F9VJT6Q, STM32U5F9ZIJ6QTR, STM32U5F9ZIT6Q, STM32U5F9ZJJ6QTR, STM32U5F9ZJT6Q, STM32U5G7VJT6, STM32U5G7VJT6Q, STM32U5G9BJY6QTR, STM32U5G9J-DK1, STM32U5G9J-DK2, STM32U5G9NJH6Q, STM32U5G9VJT6Q, STM32U5G9ZJJ6QTR, STM32U5G9ZJT6Q, STM32WB05KZV6TR, STM32WB05KZV7TR, STM32WB05TZF6TR, STM32WB05TZF7TR, STM32WB06CCF6TR, STM32WB06CCF7TR, STM32WB06CCV6TR, STM32WB06CCV7TR, STM32WB06KCV6TR, STM32WB06KCV7TR, STM32WB07CCF6TR, STM32WB07CCF7TR, STM32WB07CCV6TR, STM32WB07CCV7TR, STM32WB07KCV6TR, STM32WB07KCV7TR, STM32WB09KEV6TR, STM32WB09KEV7TR, STM32WB09TEF6TR, STM32WB09TEF7TR, STM32WB1MMCH6, STM32WBA50KGU6, STM32WBA50KGU6TR, STM32WBA52CEU6, STM32WBA52CEU6TR, STM32WBA52CEU7, STM32WBA52CEU7TR, STM32WBA52CGU6, STM32WBA52CGU6TR, STM32WBA52CGU6U, STM32WBA52CGU7, STM32WBA52CGU7TR, STM32WBA52KEU6, STM32WBA52KEU6TR, STM32WBA52KGU6, STM32WBA52KGU6TR, STM32WBA54CEU6, STM32WBA54CEU6TR, STM32WBA54CEU7, STM32WBA54CEU7TR, STM32WBA54CGU6, STM32WBA54CGU6TR, STM32WBA54CGU7, STM32WBA54CGU7TR, STM32WBA54KEU6, STM32WBA54KEU6TR, STM32WBA54KEU7, STM32WBA54KEU7TR, STM32WBA54KGU6, STM32WBA54KGU6TR, STM32WBA54KGU7, STM32WBA54KGU7TR, STM32WBA55CEU6, STM32WBA55CEU6TR, STM32WBA55CEU7, STM32WBA55CEU7TR, STM32WBA55CGU6, STM32WBA55CGU6TR, STM32WBA55CGU6U, STM32WBA55CGU7, STM32WBA55CGU7TR, STM32WBA55G-DK1, STM32WBA55HEF6, STM32WBA55HEF7, STM32WBA55HGF6, STM32WBA55HGF7, STM32WBA55UEI6, STM32WBA55UEI6TR, STM32WBA55UEI7, STM32WBA55UEI7TR, STM32WBA55UGI6, STM32WBA55UGI6TR, STM32WBA55UGI7, STM32WBA55UGI7TR, STM32WL5MOCH6, STM32WL5MOCH6TR]
2025-04-20 21:30:38,758 [INFO] ApiDb:668 - CubeFinder database Data Model version=2.1
2025-04-20 21:30:38,758 [INFO] ApiDb:669 - CubeFinder database Configuration version=3.0.39
2025-04-20 21:30:38,758 [INFO] ApiDb:670 - CubeFinder database generation date=2025-03-24 (1742811287)
2025-04-20 21:30:38,758 [INFO] ApiDb:671 - CubeFinder database FW Pack versions=[FP-ATR-ASTRA1_V2.0.0, FP-SNS-FLIGHT1_V5.0.2, FP-SNS-MOTENV1_V5.0.0, FP-SNS-MOTENVWB1_V1.4.0, FP-SNS-SMARTAG2_V1.2.0, FP-SNS-STBOX1_V2.0.0, STM32Cube_FW_C0_V1.4.0, STM32Cube_FW_F4_V1.28.1, STM32Cube_FW_F7_V1.17.2, STM32Cube_FW_G0_V1.6.2, STM32Cube_FW_G4_V1.6.1, STM32Cube_FW_H5_V1.5.0, STM32Cube_FW_H7RS_V1.2.0, STM32Cube_FW_H7_V1.12.1, STM32Cube_FW_L0_V1.12.2, STM32Cube_FW_L4_V1.18.1, STM32Cube_FW_L5_V1.5.1, STM32Cube_FW_N6_V1.1.0, STM32Cube_FW_U0_V1.2.0, STM32Cube_FW_U3_V1.1.0, STM32Cube_FW_U5_V1.7.0, STM32Cube_FW_WB0_V1.2.0, STM32Cube_FW_WBA_V1.6.0, STM32Cube_FW_WB_V1.22.0, STM32Cube_FW_WL3_V1.1.0, STM32Cube_FW_WL_V1.3.1, X-CUBE-ALGOBUILD_V1.4.0, X-CUBE-ALS_V1.0.2, X-CUBE-AZRTOS-F4_V1.1.0, X-CUBE-AZRTOS-F7_V1.1.0, X-CUBE-AZRTOS-G0_V1.1.0, X-CUBE-AZRTOS-G4_V2.0.0, X-CUBE-AZRTOS-H7RS_V1.0.0, X-CUBE-AZRTOS-H7_V3.3.0, X-CUBE-AZRTOS-L4_V2.0.0, X-CUBE-AZRTOS-L5_V2.0.0, X-CUBE-AZRTOS-WB_V2.0.0, X-CUBE-AZRTOS-WL_V2.0.0, X-CUBE-BLE1_V7.1.0, X-CUBE-BLE2_V3.3.0, X-CUBE-BLEMGR_V4.0.0, X-CUBE-EEPRMA1_V5.1.0, X-CUBE-FREERTOS_V1.3.0, X-CUBE-GNSS1_V6.0.0, X-CUBE-MEMS1_V11.1.0, X-CUBE-NFC4_V3.0.0, X-CUBE-NFC7_V1.0.1, X-CUBE-SFXS2LP1_V4.0.0, X-CUBE-SUBG2_V5.0.0, X-CUBE-TOF1_V3.4.2]
2025-04-20 21:30:40,476 [INFO] ApiDb:240 - Found 646 in-development CPN: [B-G473E-ZEST1S, B-WB1M-WPAN1, B-WL5M-SUBG1, NUCLEO-C031C6, NUCLEO-C071RB, NUCLEO-H503RB, NUCLEO-H533RE, NUCLEO-H563ZI, NUCLEO-H7S3L8, NUCLEO-U031R8, NUCLEO-U083RC, NUCLEO-U545RE-Q, NUCLEO-U5A5ZJ-Q, NUCLEO-WB05KZ, NUCLEO-WB07CC, NUCLEO-WB09KE, NUCLEO-WBA52CG, NUCLEO-WBA55CG, STEVAL-PROTEUS1, STEVAL-SMARTAG2, STEVAL-STWINBX1, STM320518-EVAL, STM32C0116-DK, STM32C011D6Y3TR, STM32C011D6Y6TR, STM32C011F4P3, STM32C011F4P6, STM32C011F4U3, STM32C011F4U6TR, STM32C011F6P3, STM32C011F6P6, STM32C011F6U3, STM32C011F6U6TR, STM32C011J4M3, STM32C011J4M6, STM32C011J6M3, STM32C011J6M6, STM32C0316-DK, STM32C031C4T3, STM32C031C4T6, STM32C031C4U3, STM32C031C4U6, STM32C031C6T3, STM32C031C6T6, STM32C031C6U3, STM32C031C6U6, STM32C031F4P3, STM32C031F4P6, STM32C031F6P3, STM32C031F6P6, STM32C031G4U3, STM32C031G4U6, STM32C031G6U3, STM32C031G6U6, STM32C031K4T3, STM32C031K4T6, STM32C031K4U3, STM32C031K4U6, STM32C031K6T3, STM32C031K6T6, STM32C031K6U3, STM32C031K6U6, STM32C071C8T6, STM32C071C8T6N, STM32C071C8U6, STM32C071C8U6N, STM32C071CBT6, STM32C071CBT6N, STM32C071CBU6, STM32C071CBU6N, STM32C071F8P6, STM32C071F8P6N, STM32C071FBP6, STM32C071FBP6N, STM32C071FBY6TR, STM32C071G8U6, STM32C071G8U6N, STM32C071GBU6, STM32C071GBU6N, STM32C071K8T6, STM32C071K8T6N, STM32C071K8U6, STM32C071K8U6N, STM32C071KBT6, STM32C071KBT6N, STM32C071KBU6, STM32C071KBU6N, STM32C071R8T6, STM32C071R8T6N, STM32C071RBI6N, STM32C071RBT6, STM32C071RBT6N, STM32G071K8TXN, STM32G071K8UXN, STM32G081GBU6N, STM32G081KBT6N, STM32G081KBUXN, STM32G0B1CCT6N, STM32G0B1KCT6, STM32G0B1NEY6TR, STM32G0B1RCT6N, STM32G0C1CCT6, STM32G0C1CCT6N, STM32G0C1CCU6N, STM32G0C1CET6N, STM32G0C1CEU6N, STM32G0C1KCT6, STM32G0C1NEY6TR, STM32G0C1RCI6N, STM32G0C1RCT6N, STM32G0C1REI6N, STM32G0C1RET6N, STM32G0C1VCI6, STM32G0C1VEI6, STM32G411C6T3, STM32G411C6T6, STM32G411C6U3, STM32G411C6U6, STM32G411C8T3, STM32G411C8T6, STM32G411C8U3, STM32G411C8U6, STM32G411CBT3, STM32G411CBT6, STM32G411CBU3, STM32G411CBU6, STM32G411K6T3, STM32G411K6T6, STM32G411K6U3, STM32G411K6U6, STM32G411K8T3, STM32G411K8T6, STM32G411K8U3, STM32G411K8U6, STM32G411KBT3, STM32G411KBT6, STM32G411KBU3, STM32G411KBU6, STM32G411M6T3, STM32G411M6T6, STM32G411M8T3, STM32G411M8T6, STM32G411MBT3, STM32G411MBT6, STM32G411R6T3, STM32G411R6T6, STM32G411R8T3, STM32G411R8T6, STM32G411RBT3, STM32G411RBT6, STM32G414CBT3, STM32G414CBT6, STM32G414CBU3, STM32G414CBU6, STM32G414CCT3, STM32G414CCT6, STM32G414CCU3, STM32G414CCU6, STM32G414MBT3, STM32G414MBT6, STM32G414MCT3, STM32G414MCT6, STM32G414RBT3, STM32G414RBT6, STM32G414RCT3, STM32G414RCT6, STM32G414VBT3, STM32G414VBT6, STM32G414VCT3, STM32G414VCT6, STM32G431CBT3Z, STM32G431RBT3Z, STM32G471CCT6, STM32G471CCU6, STM32G471CET3, STM32G471CET6, STM32G471CEU3, STM32G471CEU6, STM32G471MCT6, STM32G471MET3, STM32G471MET6, STM32G471MEY6TR, STM32G471QCT6, STM32G471QET3, STM32G471RCT6, STM32G471RET3, STM32G471RET6, STM32G471VCH6, STM32G471VCI6, STM32G471VCT6, STM32G471VEH3, STM32G471VEH6, STM32G471VEI3, STM32G471VEI6, STM32G471VET3, STM32G471VET6, STM32G473QET3Z, STM32G473RET3Z, STM32G474CCT6, STM32G491RET3Z, STM32H503CBT6, STM32H503CBU6, STM32H503EBY6TR, STM32H503KBU6, STM32H503RBT6, STM32H523CCT6, STM32H523CCU6, STM32H523CET6, STM32H523CEU6, STM32H523HEY6TR, STM32H523RCT6, STM32H523RET6, STM32H523VCI6, STM32H523VCT6, STM32H523VEI6, STM32H523VET6, STM32H523ZCJ6, STM32H523ZCT6, STM32H523ZEJ6, STM32H523ZET6, STM32H533CET6, STM32H533CEU6, STM32H533HEY6TR, STM32H533RET6, STM32H533VEI6, STM32H533VET6, STM32H533ZEJ6, STM32H533ZET6, STM32H562AGI6, STM32H562AII6, STM32H562IGK6, STM32H562IGT6, STM32H562IIK6, STM32H562IIT6, STM32H562RGT6, STM32H562RGV6, STM32H562RIT6, STM32H562RIV6, STM32H562VGT6, STM32H562VIT6, STM32H562ZGT6, STM32H562ZIT6, STM32H563AGI6, STM32H563AII3Q, STM32H563AII6, STM32H563IGK6, STM32H563IGT6, STM32H563IIK3Q, STM32H563IIK6, STM32H563IIT3Q, STM32H563IIT6, STM32H563MIY3QTR, STM32H563RGT6, STM32H563RGV6, STM32H563RIT6, STM32H563RIV6, STM32H563VGT6, STM32H563VIT3Q, STM32H563VIT6, STM32H563ZGT6, STM32H563ZIT3Q, STM32H563ZIT6, STM32H573AII3Q, STM32H573AII6, STM32H573I-DK, STM32H573IIK3Q, STM32H573IIK6, STM32H573IIT3Q, STM32H573IIT6, STM32H573MIY3QTR, STM32H573RIT6, STM32H573RIV6, STM32H573VIT3Q, STM32H573VIT6, STM32H573ZIT3Q, STM32H573ZIT6, STM32H7R3A8I6, STM32H7R3I8K6, STM32H7R3I8T6, STM32H7R3L8H6, STM32H7R3L8H6H, STM32H7R3R8V6, STM32H7R3V8H6, STM32H7R3V8T6, STM32H7R3V8Y6TR, STM32H7R3Z8J6, STM32H7R3Z8T6, STM32H7R7A8I6, STM32H7R7I8K6, STM32H7R7I8T6, STM32H7R7L8H6, STM32H7R7L8H6H, STM32H7R7Z8J6, STM32H7S3A8I6, STM32H7S3I8K6, STM32H7S3I8T6, STM32H7S3L8H6, STM32H7S3L8H6H, STM32H7S3R8V6, STM32H7S3V8H6, STM32H7S3V8T6, STM32H7S3V8Y6TR, STM32H7S3Z8J6, STM32H7S3Z8T6, STM32H7S78-DK, STM32H7S7A8I6, STM32H7S7I8K6, STM32H7S7I8T6, STM32H7S7L8H6, STM32H7S7L8H6H, STM32H7S7Z8J6, STM32L4R5QGI6STR, STM32MP131AAE3, STM32MP131AAF3, STM32MP131AAG3, STM32MP131CAE3, STM32MP131CAF3, STM32MP131CAG3, STM32MP131DAE7, STM32MP131DAF7, STM32MP131DAG7, STM32MP131FAE7, STM32MP131FAF7, STM32MP131FAG7, STM32MP133AAE3, STM32MP133AAF3, STM32MP133AAG3, STM32MP133CAE3, STM32MP133CAF3, STM32MP133CAG3, STM32MP133DAE7, STM32MP133DAF7, STM32MP133DAG7, STM32MP133FAE7, STM32MP133FAF7, STM32MP133FAG7, STM32MP135AAE3, STM32MP135AAF3, STM32MP135AAG3, STM32MP135CAE3, STM32MP135CAF3, STM32MP135CAG3, STM32MP135DAE7, STM32MP135DAF7, STM32MP135DAG7, STM32MP135F-DK, STM32MP135FAE7, STM32MP135FAF7, STM32MP135FAF7T, STM32MP135FAF7U, STM32MP135FAG7, STM32MP251AAI3, STM32MP251AAK3, STM32MP251AAL3, STM32MP251CAI3, STM32MP251CAK3, STM32MP251CAL3, STM32MP251DAI3, STM32MP251DAK3, STM32MP251DAL3, STM32MP251FAI3, STM32MP251FAK3, STM32MP251FAL3, STM32MP253AAI3, STM32MP253AAK3, STM32MP253AAL3, STM32MP253CAI3, STM32MP253CAK3, STM32MP253CAL3, STM32MP253DAI3, STM32MP253DAK3, STM32MP253DAL3, STM32MP253FAI3, STM32MP253FAK3, STM32MP253FAL3, STM32MP255AAI3, STM32MP255AAK3, STM32MP255AAL3, STM32MP255CAI3, STM32MP255CAK3, STM32MP255CAL3, STM32MP255DAI3, STM32MP255DAK3, STM32MP255DAL3, STM32MP255FAI3, STM32MP255FAK3, STM32MP255FAL3, STM32MP257AAI3, STM32MP257AAK3, STM32MP257AAL3, STM32MP257CAI3, STM32MP257CAK3, STM32MP257CAL3, STM32MP257DAI3, STM32MP257DAK3, STM32MP257DAL3, STM32MP257F-DK, STM32MP257F-EV1, STM32MP257FAI3, STM32MP257FAK3, STM32MP257FAL3, STM32U031C6T6, STM32U031C6U6, STM32U031C8T6, STM32U031C8U6, STM32U031F4P6, STM32U031F6P6, STM32U031F8P6, STM32U031G6Y6TR, STM32U031G8Y6TR, STM32U031K4U6, STM32U031K6U6, STM32U031K8U6, STM32U031R6I6, STM32U031R6T6, STM32U031R8I6, STM32U031R8T6, STM32U073C8T6, STM32U073C8U6, STM32U073CBT6, STM32U073CBU6, STM32U073CCT6, STM32U073CCU6, STM32U073H8Y6TR, STM32U073HBY6TR, STM32U073HCY6TR, STM32U073K8U6, STM32U073KBU6, STM32U073KCU6, STM32U073M8I6, STM32U073M8T6, STM32U073MBI6, STM32U073MBT6, STM32U073MCI6, STM32U073MCT6, STM32U073R8I6, STM32U073R8T6, STM32U073RBI6, STM32U073RBT6, STM32U073RCI6, STM32U073RCT6, STM32U083C-DK, STM32U083CCT6, STM32U083CCU6, STM32U083HCY6TR, STM32U083KCU6, STM32U083MCI6, STM32U083MCT6, STM32U083RCI6, STM32U083RCT6, STM32U535CBT6, STM32U535CBT6Q, STM32U535CBU6, STM32U535CBU6Q, STM32U535CCT6, STM32U535CCT6Q, STM32U535CCU6, STM32U535CCU6Q, STM32U535CET6, STM32U535CET6Q, STM32U535CEU6, STM32U535CEU6Q, STM32U535JEY6QTR, STM32U535NCY6QTR, STM32U535NEY6QTR, STM32U535RBI6, STM32U535RBI6Q, STM32U535RBT6, STM32U535RBT6Q, STM32U535RCI6, STM32U535RCI6Q, STM32U535RCT6, STM32U535RCT6Q, STM32U535REI6, STM32U535REI6Q, STM32U535RET6, STM32U535RET6Q, STM32U535VCI6, STM32U535VCI6Q, STM32U535VCT6, STM32U535VCT6Q, STM32U535VEI6, STM32U535VEI6Q, STM32U535VET6, STM32U535VET6Q, STM32U545CET6, STM32U545CET6Q, STM32U545CEU6, STM32U545CEU6Q, STM32U545JEY6QTR, STM32U545NEY6QTR, STM32U545REI6, STM32U545REI6Q, STM32U545RET6, STM32U545RET6Q, STM32U545VEI6, STM32U545VEI6Q, STM32U545VET6, STM32U545VET6Q, STM32U595AIH6, STM32U595AIH6Q, STM32U595AJH6, STM32U595AJH6Q, STM32U595QII6, STM32U595QII6Q, STM32U595QJI6, STM32U595QJI6Q, STM32U595RIT6, STM32U595RIT6Q, STM32U595RJT6, STM32U595RJT6Q, STM32U595VIT6, STM32U595VIT6Q, STM32U595VJT6, STM32U595VJT6Q, STM32U595ZIT6, STM32U595ZIT6Q, STM32U595ZIY6QTR, STM32U595ZJT6, STM32U595ZJT6Q, STM32U595ZJY6QTR, STM32U599BJY6QTR, STM32U599NIH6Q, STM32U599NJH6Q, STM32U599VIT6Q, STM32U599VJT6, STM32U599VJT6Q, STM32U599ZIT6Q, STM32U599ZIY6QTR, STM32U599ZJT6Q, STM32U599ZJY6QTR, STM32U5A5AJH6, STM32U5A5AJH6Q, STM32U5A5QII3Q , STM32U5A5QJI6, STM32U5A5QJI6Q, STM32U5A5RJT6, STM32U5A5RJT6Q, STM32U5A5VJT6, STM32U5A5VJT6Q, STM32U5A5ZJT6, STM32U5A5ZJT6Q, STM32U5A5ZJY6QTR, STM32U5A9BJY6QTR, STM32U5A9J-DK, STM32U5A9NJH6Q, STM32U5A9VJT6Q, STM32U5A9ZJT6Q, STM32U5A9ZJY6QTR, STM32U5F7VIT6, STM32U5F7VIT6Q, STM32U5F7VJT6, STM32U5F7VJT6Q, STM32U5F9BJY6QTR, STM32U5F9NJH6Q, STM32U5F9VIT6Q, STM32U5F9VJT6Q, STM32U5F9ZIJ6QTR, STM32U5F9ZIT6Q, STM32U5F9ZJJ6QTR, STM32U5F9ZJT6Q, STM32U5G7VJT6, STM32U5G7VJT6Q, STM32U5G9BJY6QTR, STM32U5G9J-DK1, STM32U5G9J-DK2, STM32U5G9NJH6Q, STM32U5G9VJT6Q, STM32U5G9ZJJ6QTR, STM32U5G9ZJT6Q, STM32WB05KZV6TR, STM32WB05KZV7TR, STM32WB05TZF6TR, STM32WB05TZF7TR, STM32WB06CCF6TR, STM32WB06CCF7TR, STM32WB06CCV6TR, STM32WB06CCV7TR, STM32WB06KCV6TR, STM32WB06KCV7TR, STM32WB07CCF6TR, STM32WB07CCF7TR, STM32WB07CCV6TR, STM32WB07CCV7TR, STM32WB07KCV6TR, STM32WB07KCV7TR, STM32WB09KEV6TR, STM32WB09KEV7TR, STM32WB09TEF6TR, STM32WB09TEF7TR, STM32WB1MMCH6, STM32WBA50KGU6, STM32WBA50KGU6TR, STM32WBA52CEU6, STM32WBA52CEU6TR, STM32WBA52CEU7, STM32WBA52CEU7TR, STM32WBA52CGU6, STM32WBA52CGU6TR, STM32WBA52CGU6U, STM32WBA52CGU7, STM32WBA52CGU7TR, STM32WBA52KEU6, STM32WBA52KEU6TR, STM32WBA52KGU6, STM32WBA52KGU6TR, STM32WBA54CEU6, STM32WBA54CEU6TR, STM32WBA54CEU7, STM32WBA54CEU7TR, STM32WBA54CGU6, STM32WBA54CGU6TR, STM32WBA54CGU7, STM32WBA54CGU7TR, STM32WBA54KEU6, STM32WBA54KEU6TR, STM32WBA54KEU7, STM32WBA54KEU7TR, STM32WBA54KGU6, STM32WBA54KGU6TR, STM32WBA54KGU7, STM32WBA54KGU7TR, STM32WBA55CEU6, STM32WBA55CEU6TR, STM32WBA55CEU7, STM32WBA55CEU7TR, STM32WBA55CGU6, STM32WBA55CGU6TR, STM32WBA55CGU6U, STM32WBA55CGU7, STM32WBA55CGU7TR, STM32WBA55G-DK1, STM32WBA55HEF6, STM32WBA55HEF7, STM32WBA55HGF6, STM32WBA55HGF7, STM32WBA55UEI6, STM32WBA55UEI6TR, STM32WBA55UEI7, STM32WBA55UEI7TR, STM32WBA55UGI6, STM32WBA55UGI6TR, STM32WBA55UGI7, STM32WBA55UGI7TR, STM32WL5MOCH6, STM32WL5MOCH6TR]
2025-04-20 21:30:40,483 [INFO] DbMcus:218 - Found 4657 MCUs, 4657 are supported
2025-04-20 21:30:40,485 [INFO] ApiDb:423 - Load user favorites file C:\Users\joe/.stm32cubeide/favorites.mcus.txt: 0 item(s)
2025-04-20 21:30:40,485 [INFO] ApiDb:427 - User favorites MCUs=[]
2025-04-20 21:30:40,486 [INFO] DbMcus:224 - Set 0 / 0 favorites MCUs
2025-04-20 21:30:40,786 [INFO] BoardInfo:889 - No configuration file found for board NUCLEO-C051C8
2025-04-20 21:30:40,786 [INFO] DbBoards:161 - Board is not supported: NUCLEO-C051C8
2025-04-20 21:30:40,789 [INFO] BoardInfo:889 - No configuration file found for board NUCLEO-C092RC
2025-04-20 21:30:40,789 [INFO] DbBoards:161 - Board is not supported: NUCLEO-C092RC
2025-04-20 21:30:40,868 [INFO] BoardInfo:889 - No configuration file found for board NUCLEO-N657X0-Q
2025-04-20 21:30:40,869 [INFO] DbBoards:161 - Board is not supported: NUCLEO-N657X0-Q
2025-04-20 21:30:40,872 [INFO] BoardInfo:889 - No configuration file found for board NUCLEO-U385RG-Q
2025-04-20 21:30:40,873 [INFO] DbBoards:161 - Board is not supported: NUCLEO-U385RG-Q
2025-04-20 21:30:40,885 [INFO] BoardInfo:889 - No configuration file found for board NUCLEO-WBA65RI
2025-04-20 21:30:40,886 [INFO] DbBoards:161 - Board is not supported: NUCLEO-WBA65RI
2025-04-20 21:30:40,887 [INFO] BoardInfo:889 - No configuration file found for board NUCLEO-WL33CC1
2025-04-20 21:30:40,887 [INFO] DbBoards:161 - Board is not supported: NUCLEO-WL33CC1
2025-04-20 21:30:40,888 [INFO] BoardInfo:889 - No configuration file found for board NUCLEO-WL33CC2
2025-04-20 21:30:40,889 [INFO] DbBoards:161 - Board is not supported: NUCLEO-WL33CC2
2025-04-20 21:30:40,894 [INFO] BoardInfo:889 - No configuration file found for board P-NUCLEO-WB55
2025-04-20 21:30:40,895 [INFO] DbBoards:161 - Kit is not supported: P-NUCLEO-WB55
2025-04-20 21:30:40,900 [INFO] BoardInfo:889 - No configuration file found for board STEVAL-BFA001V1B
2025-04-20 21:30:40,900 [INFO] DbBoards:161 - Kit is not supported: STEVAL-BFA001V1B
2025-04-20 21:30:40,901 [INFO] BoardInfo:889 - No configuration file found for board STEVAL-BFA001V2B
2025-04-20 21:30:40,901 [INFO] DbBoards:161 - Kit is not supported: STEVAL-BFA001V2B
2025-04-20 21:30:41,036 [INFO] BoardInfo:889 - No configuration file found for board STM32N6570-DK
2025-04-20 21:30:41,036 [INFO] DbBoards:161 - Board is not supported: STM32N6570-DK
2025-04-20 21:30:41,046 [INFO] BoardInfo:889 - No configuration file found for board STM32WBA65I-DK1
2025-04-20 21:30:41,047 [INFO] DbBoards:161 - Board is not supported: STM32WBA65I-DK1
2025-04-20 21:30:41,047 [INFO] DbBoards:168 - Found 210 boards, 198 are supported
2025-04-20 21:30:41,047 [INFO] DbBoards:169 - Found 210 boards, 25 of them is supported for  Bsp
2025-04-20 21:30:41,051 [INFO] ApiDb:423 - Load user favorites file C:\Users\joe/.stm32cubeide/favorites.boards.txt: 0 item(s)
2025-04-20 21:30:41,051 [INFO] ApiDb:427 - User favorites Boards=[]
2025-04-20 21:30:41,051 [INFO] DbBoards:198 - Set 0 / 0 favorites Boards
2025-04-20 21:30:41,101 [INFO] UtilMem:75 - End LoadConfig() Used Memory: 313759944 Bytes (552599552)
2025-04-20 21:30:41,220 [WARN] ThirdParty:833 - waiting for thirdparty lock release [change project]
2025-04-20 21:30:41,220 [INFO] ThirdParty:835 - entering critical section [change project]
2025-04-20 21:30:41,220 [INFO] ThirdParty:1030 - CMSIS Pack Vendor :STMicroelectronics USBPD 4.1
2025-04-20 21:30:41,220 [INFO] ThirdParty:1030 - CMSIS Pack Vendor :STMicroelectronics X-CUBE-AZRTOS-H7 3.3.0
2025-04-20 21:30:41,220 [INFO] ThirdParty:1030 - CMSIS Pack Vendor :STMicroelectronics X-CUBE-NFC9 1.0.0
2025-04-20 21:30:41,220 [INFO] ThirdParty:1030 - CMSIS Pack Vendor :STMicroelectronics X-CUBE-GNSS1 6.0.0
2025-04-20 21:30:41,220 [INFO] ThirdParty:1030 - CMSIS Pack Vendor :STMicroelectronics USB_HOST 2.0.0
2025-04-20 21:30:41,220 [INFO] ThirdParty:1030 - CMSIS Pack Vendor :STMicroelectronics FP-SNS-MOTENVWB1 1.4.0
2025-04-20 21:30:41,220 [INFO] ThirdParty:1030 - CMSIS Pack Vendor :STMicroelectronics X-CUBE-AZRTOS-F4 1.1.0
2025-04-20 21:30:41,221 [INFO] ThirdParty:1030 - CMSIS Pack Vendor :STMicroelectronics LIBJPEG 8.0.0
2025-04-20 21:30:41,221 [INFO] ThirdParty:1030 - CMSIS Pack Vendor :STMicroelectronics FP-ATR-ASTRA1 2.0.2
2025-04-20 21:30:41,221 [INFO] ThirdParty:1030 - CMSIS Pack Vendor :STMicroelectronics FP-ATR-ASTRA1 2.0.1
2025-04-20 21:30:41,221 [INFO] ThirdParty:1030 - CMSIS Pack Vendor :STMicroelectronics X-CUBE-BLE1 7.1.0
2025-04-20 21:30:41,221 [INFO] ThirdParty:1030 - CMSIS Pack Vendor :STMicroelectronics X-CUBE-SMBUS 2.1.0
2025-04-20 21:30:41,221 [INFO] ThirdParty:1030 - CMSIS Pack Vendor :STMicroelectronics X-CUBE-WB05N 1.1.0
2025-04-20 21:30:41,221 [INFO] ThirdParty:1030 - CMSIS Pack Vendor :STMicroelectronics USB_DEVICE 3.0.0
2025-04-20 21:30:41,221 [INFO] ThirdParty:1030 - CMSIS Pack Vendor :STMicroelectronics X-CUBE-TCPP 4.1.0
2025-04-20 21:30:41,221 [INFO] ThirdParty:1030 - CMSIS Pack Vendor :STMicroelectronics X-CUBE-ISPU 2.1.0
2025-04-20 21:30:41,221 [INFO] ThirdParty:1030 - CMSIS Pack Vendor :STMicroelectronics X-CUBE-FREERTOS 1.2.0
2025-04-20 21:30:41,221 [INFO] ThirdParty:1030 - CMSIS Pack Vendor :STMicroelectronics X-CUBE-IPS 3.0.0
2025-04-20 21:30:41,221 [INFO] ThirdParty:1030 - CMSIS Pack Vendor :STMicroelectronics X-CUBE-AZRTOS-WB 2.0.0
2025-04-20 21:30:41,221 [INFO] ThirdParty:1030 - CMSIS Pack Vendor :STMicroelectronics X-CUBE-GNSS1 7.0.0
2025-04-20 21:30:41,221 [INFO] ThirdParty:1030 - CMSIS Pack Vendor :STMicroelectronics X-CUBE-GNSS1 7.0.1
2025-04-20 21:30:41,221 [INFO] ThirdParty:1030 - CMSIS Pack Vendor :STMicroelectronics X-CUBE-AZRTOS-F7 1.1.0
2025-04-20 21:30:41,221 [INFO] ThirdParty:1030 - CMSIS Pack Vendor :STMicroelectronics X-CUBE-AZRTOS-L5 2.0.0
2025-04-20 21:30:41,221 [INFO] ThirdParty:1030 - CMSIS Pack Vendor :STMicroelectronics X-CUBE-TOUCHGFX 4.25.0
2025-04-20 21:30:41,221 [INFO] ThirdParty:1030 - CMSIS Pack Vendor :STMicroelectronics USB_DEVICE 2.0.0
2025-04-20 21:30:41,221 [INFO] ThirdParty:1030 - CMSIS Pack Vendor :STMicroelectronics X-CUBE-NFC6 3.1.0
2025-04-20 21:30:41,221 [INFO] ThirdParty:1030 - CMSIS Pack Vendor :STMicroelectronics FP-SNS-STBOX1 2.0.0
2025-04-20 21:30:41,221 [INFO] ThirdParty:1030 - CMSIS Pack Vendor :STMicroelectronics X-CUBE-MEMS1 11.0.0
2025-04-20 21:30:41,221 [INFO] ThirdParty:1030 - CMSIS Pack Vendor :STMicroelectronics X-CUBE-MEMS1 11.2.0
2025-04-20 21:30:41,221 [INFO] ThirdParty:1030 - CMSIS Pack Vendor :STMicroelectronics FreeRTOS 0.0.1
2025-04-20 21:30:41,221 [INFO] ThirdParty:1030 - CMSIS Pack Vendor :STMicroelectronics X-CUBE-AZRTOS-G0 1.1.0
2025-04-20 21:30:41,221 [INFO] ThirdParty:1030 - CMSIS Pack Vendor :STMicroelectronics X-CUBE-SAFEA1 1.2.2
2025-04-20 21:30:41,221 [INFO] ThirdParty:1030 - CMSIS Pack Vendor :STMicroelectronics X-CUBE-NFC4 3.0.0
2025-04-20 21:30:41,221 [INFO] ThirdParty:1030 - CMSIS Pack Vendor :STMicroelectronics X-CUBE-DPower 1.2.0
2025-04-20 21:30:41,221 [INFO] ThirdParty:1030 - CMSIS Pack Vendor :STMicroelectronics X-CUBE-SUBG2 5.0.0
2025-04-20 21:30:41,221 [INFO] ThirdParty:1030 - CMSIS Pack Vendor :STMicroelectronics X-CUBE-AZRTOS-H7RS 1.1.0
2025-04-20 21:30:41,221 [INFO] ThirdParty:1030 - CMSIS Pack Vendor :STMicroelectronics STM32_WPAN 1.0.0
2025-04-20 21:30:41,221 [INFO] ThirdParty:1030 - CMSIS Pack Vendor :EmbeddedOffice I-CUBE-FS-RTOS 1.0.1
2025-04-20 21:30:41,222 [INFO] ThirdParty:1030 - CMSIS Pack Vendor :STMicroelectronics lwIP 2.0.3
2025-04-20 21:30:41,222 [INFO] ThirdParty:1030 - CMSIS Pack Vendor :STMicroelectronics FP-SNS-FLIGHT1 5.0.2
2025-04-20 21:30:41,222 [INFO] ThirdParty:1030 - CMSIS Pack Vendor :Cesanta I-CUBE-Mongoose 7.13.0
2025-04-20 21:30:41,222 [INFO] ThirdParty:1030 - CMSIS Pack Vendor :STMicroelectronics USB_HOST 1.0.0
2025-04-20 21:30:41,222 [INFO] ThirdParty:1030 - CMSIS Pack Vendor :STMicroelectronics X-CUBE-AI 9.0.0
2025-04-20 21:30:41,222 [INFO] ThirdParty:1030 - CMSIS Pack Vendor :STMicroelectronics X-CUBE-AZRTOS-G4 2.0.0
2025-04-20 21:30:41,222 [INFO] ThirdParty:1030 - CMSIS Pack Vendor :STMicroelectronics PDM2PCM 3.1.0
2025-04-20 21:30:41,222 [INFO] ThirdParty:1030 - CMSIS Pack Vendor :STMicroelectronics PDM2PCM 3.3.0
2025-04-20 21:30:41,222 [INFO] ThirdParty:1030 - CMSIS Pack Vendor :STMicroelectronics X-CUBE-DISPLAY 3.0.0
2025-04-20 21:30:41,222 [INFO] ThirdParty:1030 - CMSIS Pack Vendor :RealThread X-CUBE-RT-Thread_Nano 4.1.1
2025-04-20 21:30:41,222 [INFO] ThirdParty:1030 - CMSIS Pack Vendor :STMicroelectronics X-CUBE-BLE1 7.0.0
2025-04-20 21:30:41,222 [INFO] ThirdParty:1030 - CMSIS Pack Vendor :STMicroelectronics FP-ATR-SIGFOX1 3.2.0
2025-04-20 21:30:41,222 [INFO] ThirdParty:1030 - CMSIS Pack Vendor :STMicroelectronics X-CUBE-NFC10 1.0.0
2025-04-20 21:30:41,222 [INFO] ThirdParty:1030 - CMSIS Pack Vendor :wolfSSL I-CUBE-wolfSSL 5.7.2
2025-04-20 21:30:41,222 [INFO] ThirdParty:1030 - CMSIS Pack Vendor :quantropi X-CUBE-qispace-sdk-base 1.9.3
2025-04-20 21:30:41,222 [INFO] ThirdParty:1030 - CMSIS Pack Vendor :STMicroelectronics X-CUBE-ISPU 2.0.0
2025-04-20 21:30:41,222 [INFO] ThirdParty:1030 - CMSIS Pack Vendor :STMicroelectronics X-CUBE-BLEMGR 4.0.0
2025-04-20 21:30:41,222 [INFO] ThirdParty:1030 - CMSIS Pack Vendor :STMicroelectronics X-CUBE-EEPRMA1 5.1.0
2025-04-20 21:30:41,222 [INFO] ThirdParty:1030 - CMSIS Pack Vendor :STMicroelectronics HAL Drivers 0.0.0
2025-04-20 21:30:41,222 [INFO] ThirdParty:1030 - CMSIS Pack Vendor :STMicroelectronics MBEDTLS 2.16.2
2025-04-20 21:30:41,222 [INFO] ThirdParty:1030 - CMSIS Pack Vendor :STMicroelectronics X-CUBE-ALS 1.0.2
2025-04-20 21:30:41,222 [INFO] ThirdParty:1030 - CMSIS Pack Vendor :emotas I-CUBE-CANOPEN 1.3.0
2025-04-20 21:30:41,222 [INFO] ThirdParty:1030 - CMSIS Pack Vendor :STMicroelectronics X-CUBE-FREERTOS 1.3.0
2025-04-20 21:30:41,222 [INFO] ThirdParty:1030 - CMSIS Pack Vendor :STMicroelectronics X-CUBE-NFC7 1.0.1
2025-04-20 21:30:41,222 [INFO] ThirdParty:1030 - CMSIS Pack Vendor :STMicroelectronics MBEDTLS 2.14.1
2025-04-20 21:30:41,222 [INFO] ThirdParty:1030 - CMSIS Pack Vendor :STMicroelectronics X-CUBE-TOUCHGFX 4.24.0
2025-04-20 21:30:41,222 [INFO] ThirdParty:1030 - CMSIS Pack Vendor :ITTIA_DB I-CUBE-ITTIADB 8.9.0
2025-04-20 21:30:41,222 [INFO] ThirdParty:1030 - CMSIS Pack Vendor :STMicroelectronics X-CUBE-TOUCHGFX 4.24.2
2025-04-20 21:30:41,222 [INFO] ThirdParty:1030 - CMSIS Pack Vendor :STMicroelectronics X-CUBE-TOUCHGFX 4.24.1
2025-04-20 21:30:41,222 [INFO] ThirdParty:1030 - CMSIS Pack Vendor :wolfSSL I-CUBE-wolfTPM 3.4.0
2025-04-20 21:30:41,222 [INFO] ThirdParty:1030 - CMSIS Pack Vendor :portGmbH I-Cube-SoM-uGOAL 1.1.0
2025-04-20 21:30:41,222 [INFO] ThirdParty:1030 - CMSIS Pack Vendor :STMicroelectronics X-CUBE-BLEMGR 3.1.0
2025-04-20 21:30:41,222 [INFO] ThirdParty:1030 - CMSIS Pack Vendor :STMicroelectronics X-CUBE-AI 10.0.0
2025-04-20 21:30:41,222 [INFO] ThirdParty:1030 - CMSIS Pack Vendor :STMicroelectronics ThreadX 1.0.0
2025-04-20 21:30:41,223 [INFO] ThirdParty:1030 - CMSIS Pack Vendor :STMicroelectronics FP-SNS-SMARTAG2 1.2.0
2025-04-20 21:30:41,223 [INFO] ThirdParty:1030 - CMSIS Pack Vendor :STMicroelectronics X-CUBE-MEMS1 11.1.0
2025-04-20 21:30:41,223 [INFO] ThirdParty:1030 - CMSIS Pack Vendor :STMicroelectronics X-CUBE-AZRTOS-WL 2.0.0
2025-04-20 21:30:41,223 [INFO] ThirdParty:1030 - CMSIS Pack Vendor :SEGGER I-CUBE-embOS 1.3.1
2025-04-20 21:30:41,223 [INFO] ThirdParty:1030 - CMSIS Pack Vendor :STMicroelectronics X-CUBE-ALGOBUILD 1.4.0
2025-04-20 21:30:41,223 [INFO] ThirdParty:1030 - CMSIS Pack Vendor :STMicroelectronics X-CUBE-DPower 1.3.0
2025-04-20 21:30:41,223 [INFO] ThirdParty:1030 - CMSIS Pack Vendor :STMicroelectronics FP-SNS-MOTENV1 5.0.0
2025-04-20 21:30:41,223 [INFO] ThirdParty:1030 - CMSIS Pack Vendor :STMicroelectronics USB_DEVICE 1.0.0
2025-04-20 21:30:41,223 [INFO] ThirdParty:1030 - CMSIS Pack Vendor :STMicroelectronics X-CUBE-AZRTOS-H7RS 1.0.0
2025-04-20 21:30:41,223 [INFO] ThirdParty:1030 - CMSIS Pack Vendor :wolfSSL I-CUBE-wolfMQTT 1.19.0
2025-04-20 21:30:41,223 [INFO] ThirdParty:1030 - CMSIS Pack Vendor :STMicroelectronics X-CUBE-AZRTOS-L4 2.0.0
2025-04-20 21:30:41,223 [INFO] ThirdParty:1030 - CMSIS Pack Vendor :STMicroelectronics ThreadX 0.0.2
2025-04-20 21:30:41,223 [INFO] ThirdParty:1030 - CMSIS Pack Vendor :WES I-CUBE-Cesium 1.3.0
2025-04-20 21:30:41,223 [INFO] ThirdParty:1030 - CMSIS Pack Vendor :STMicroelectronics FP-ATR-ASTRA1 2.0.0
2025-04-20 21:30:41,223 [INFO] ThirdParty:1030 - CMSIS Pack Vendor :STMicroelectronics lwIP 2.1.2
2025-04-20 21:30:41,223 [INFO] ThirdParty:1030 - CMSIS Pack Vendor :STMicroelectronics X-CUBE-SFXS2LP1 4.0.0
2025-04-20 21:30:41,223 [INFO] ThirdParty:1030 - CMSIS Pack Vendor :STMicroelectronics X-CUBE-BLE2 3.3.0
2025-04-20 21:30:41,223 [INFO] ThirdParty:1030 - CMSIS Pack Vendor :STMicroelectronics X-CUBE-TOF1 3.4.2
2025-04-20 21:30:41,223 [INFO] ThirdParty:1030 - CMSIS Pack Vendor :STMicroelectronics X-CUBE-AI 9.1.0
2025-04-20 21:30:41,223 [INFO] ThirdParty:1030 - CMSIS Pack Vendor :Infineon AIROC-Wi-Fi-Bluetooth-STM32 1.6.1
2025-04-20 21:30:41,223 [INFO] ThirdParty:1030 - CMSIS Pack Vendor :STMicroelectronics PDM2PCM 3.2.0
2025-04-20 21:30:41,223 [INFO] ThirdParty:1030 - CMSIS Pack Vendor :wolfSSL I-CUBE-wolfSSH 1.4.17
2025-04-20 21:30:41,223 [INFO] ThirdParty:841 - exiting critical section [change project]
2025-04-20 21:30:41,522 [INFO] PinOutPanel:1561 - setPackage(No Configuration,No Configuration)
2025-04-20 21:30:41,523 [INFO] PinOutPanel:1561 - setPackage(STM32L432KCUx,UFQFPN32)
2025-04-20 21:30:42,092 [INFO] UtilMem:75 - Before build in PCC Used Memory: 250380288 Bytes (552599552)
2025-04-20 21:30:43,101 [INFO] UtilMem:75 - After build in PCC Used Memory: 420244696 Bytes (552599552)
2025-04-20 21:30:43,127 [INFO] IPUIPlugin:80 - create IPUIPlugin
2025-04-20 21:30:43,128 [INFO] IPUIPlugin:80 - create IPUIPlugin
2025-04-20 21:30:43,128 [INFO] IPUIPlugin:80 - create IPUIPlugin
2025-04-20 21:30:43,128 [INFO] IPUIPlugin:80 - create IPUIPlugin
2025-04-20 21:30:43,128 [INFO] IPUIPlugin:80 - create IPUIPlugin
2025-04-20 21:30:43,128 [INFO] IPUIPlugin:80 - create IPUIPlugin
2025-04-20 21:30:43,128 [INFO] IPUIPlugin:80 - create IPUIPlugin
2025-04-20 21:30:43,128 [INFO] IPUIPlugin:80 - create IPUIPlugin
2025-04-20 21:30:43,128 [INFO] IPUIPlugin:80 - create IPUIPlugin
2025-04-20 21:30:43,128 [INFO] IPUIPlugin:80 - create IPUIPlugin
2025-04-20 21:30:43,129 [INFO] IPUIPlugin:80 - create IPUIPlugin
2025-04-20 21:30:43,129 [INFO] IPUIPlugin:80 - create IPUIPlugin
2025-04-20 21:30:43,129 [INFO] IPUIPlugin:80 - create IPUIPlugin
2025-04-20 21:30:43,129 [INFO] IPUIPlugin:80 - create IPUIPlugin
2025-04-20 21:30:43,129 [INFO] IPUIPlugin:80 - create IPUIPlugin
2025-04-20 21:30:43,129 [INFO] IPUIPlugin:80 - create IPUIPlugin
2025-04-20 21:30:43,129 [INFO] IPUIPlugin:80 - create IPUIPlugin
2025-04-20 21:30:43,130 [INFO] IPUIPlugin:80 - create IPUIPlugin
2025-04-20 21:30:43,130 [INFO] IPUIPlugin:80 - create IPUIPlugin
2025-04-20 21:30:43,130 [INFO] IPUIPlugin:80 - create IPUIPlugin
2025-04-20 21:30:43,131 [INFO] IPUIPlugin:80 - create IPUIPlugin
2025-04-20 21:30:43,131 [INFO] IPUIPlugin:80 - create IPUIPlugin
2025-04-20 21:30:43,131 [INFO] IPUIPlugin:80 - create IPUIPlugin
2025-04-20 21:30:43,131 [INFO] IPUIPlugin:80 - create IPUIPlugin
2025-04-20 21:30:43,131 [INFO] IPUIPlugin:80 - create IPUIPlugin
2025-04-20 21:30:43,132 [INFO] IPUIPlugin:80 - create IPUIPlugin
2025-04-20 21:30:43,132 [INFO] IPUIPlugin:80 - create IPUIPlugin
2025-04-20 21:30:43,132 [INFO] IPUIPlugin:80 - create IPUIPlugin
2025-04-20 21:30:43,132 [INFO] IPUIPlugin:80 - create IPUIPlugin
2025-04-20 21:30:43,132 [INFO] IPUIPlugin:80 - create IPUIPlugin
2025-04-20 21:30:43,132 [INFO] IPUIPlugin:80 - create IPUIPlugin
2025-04-20 21:30:43,133 [INFO] IPUIPlugin:80 - create IPUIPlugin
2025-04-20 21:30:43,133 [INFO] IPUIPlugin:80 - create IPUIPlugin
2025-04-20 21:30:43,133 [INFO] IPUIPlugin:80 - create IPUIPlugin
2025-04-20 21:30:43,134 [INFO] IPUIPlugin:80 - create IPUIPlugin
2025-04-20 21:30:43,134 [INFO] IPUIPlugin:80 - create IPUIPlugin
2025-04-20 21:30:43,134 [INFO] IPUIPlugin:80 - create IPUIPlugin
2025-04-20 21:30:43,135 [INFO] IPUIPlugin:80 - create IPUIPlugin
2025-04-20 21:30:43,135 [INFO] IPUIPlugin:80 - create IPUIPlugin
2025-04-20 21:30:43,135 [INFO] IPUIPlugin:80 - create IPUIPlugin
2025-04-20 21:30:43,136 [INFO] IPUIPlugin:80 - create IPUIPlugin
2025-04-20 21:30:43,155 [INFO] Can:71 - Can Add PropertyChangeListener com.st.microxplorer.plugins.ip.can.Can@5a394b62
2025-04-20 21:30:43,342 [INFO] CADModel:165 - CPN selected for project levelSTM32L432KCU6
2025-04-20 21:30:43,342 [INFO] CADModel:114 - Register for checkConnection events
2025-04-20 21:30:43,389 [INFO] OpenFileManager:363 - Restore cursor
2025-04-20 21:30:49,754 [INFO] NvicIntPanel:101 - NVIC parent = com.st.microxplorer.plugins.ip.nvic.MultiNvicIntPanel[,0,0,515x129,layout=javax.swing.BoxLayout,alignmentX=0.0,alignmentY=0.0,border=,flags=9,maximumSize=,minimumSize=,preferredSize=]
2025-04-20 21:30:57,509 [INFO] NvicIntPanel:101 - NVIC parent = com.st.microxplorer.plugins.ip.nvic.MultiNvicIntPanel[,0,0,0x0,invalid,layout=javax.swing.BoxLayout,alignmentX=0.0,alignmentY=0.0,border=,flags=9,maximumSize=,minimumSize=,preferredSize=]
2025-04-20 21:30:57,629 [INFO] NvicIntPanel:101 - NVIC parent = com.st.microxplorer.plugins.ip.nvic.MultiNvicIntPanel[,0,0,0x0,invalid,layout=javax.swing.BoxLayout,alignmentX=0.0,alignmentY=0.0,border=,flags=9,maximumSize=,minimumSize=,preferredSize=]
2025-04-20 21:30:59,075 [INFO] UtilMem:75 - End SaveConfig() Used Memory: 353713904 Bytes (555745280)
2025-04-20 21:31:00,025 [INFO] UtilMem:75 - End SaveConfig() Used Memory: 375211760 Bytes (555745280)
2025-04-20 21:31:01,546 [INFO] UtilMem:75 - End SaveConfig() Used Memory: 455418656 Bytes (555745280)
2025-04-20 21:31:02,130 [INFO] BlockDiagram:2766 - set Specific Code input for plugin: NVIC
2025-04-20 21:31:02,130 [INFO] BlockDiagram:2766 - set Specific Code input for plugin: CAN
2025-04-20 21:31:02,130 [INFO] BlockDiagram:2766 - set Specific Code input for plugin: SYS
2025-04-20 21:31:02,131 [INFO] BlockDiagram:2766 - set Specific Code input for plugin: GPIO
2025-04-20 21:31:02,131 [INFO] BlockDiagram:2766 - set Specific Code input for plugin: RCC
2025-04-20 21:31:02,139 [INFO] CodeGenerator:807 - code generatio: config db path: C:\ST\STM32CubeIDE_1.16.0\STM32CubeIDE\plugins\com.st.stm32cube.common.mx_6.12.0.202406281431\\db\
2025-04-20 21:31:02,277 [INFO] CodeEngine:255 - oldGeneratedFile, C:\Users\joe\Desktop\Github\Cyphal_STM32\Node1\MXTmpFiles\license.tmp_save
2025-04-20 21:31:02,694 [INFO] CodeEngine:279 - Generated code: C:\Users\joe\Desktop\Github\Cyphal_STM32\Node1\MXTmpFiles\license.tmp
2025-04-20 21:31:02,893 [INFO] CodeEngine:255 - oldGeneratedFile, C:\Users\joe\Desktop\Github\Cyphal_STM32\Node1\MXTmpFiles\gpio.tmp_save
2025-04-20 21:31:03,093 [INFO] CodeEngine:279 - Generated code: C:\Users\joe\Desktop\Github\Cyphal_STM32\Node1\MXTmpFiles\gpio.tmp
2025-04-20 21:31:03,314 [INFO] CodeEngine:255 - oldGeneratedFile, C:\Users\joe\Desktop\Github\Cyphal_STM32\Node1\Core\Src\stm32l4xx_it.c_save
2025-04-20 21:31:03,513 [INFO] CodeEngine:279 - Generated code: C:\Users\joe\Desktop\Github\Cyphal_STM32\Node1\Core\Src\stm32l4xx_it.c
2025-04-20 21:31:03,555 [INFO] CodeEngine:255 - oldGeneratedFile, C:\Users\joe\Desktop\Github\Cyphal_STM32\Node1\Core\Inc\stm32l4xx_it.h_save
2025-04-20 21:31:03,666 [INFO] CodeEngine:279 - Generated code: C:\Users\joe\Desktop\Github\Cyphal_STM32\Node1\Core\Inc\stm32l4xx_it.h
2025-04-20 21:31:03,733 [INFO] CodeEngine:255 - oldGeneratedFile, C:\Users\joe\Desktop\Github\Cyphal_STM32\Node1\Core\Src\stm32l4xx_hal_msp.c_save
2025-04-20 21:31:03,881 [INFO] CodeEngine:279 - Generated code: C:\Users\joe\Desktop\Github\Cyphal_STM32\Node1\Core\Src\stm32l4xx_hal_msp.c
2025-04-20 21:31:03,901 [INFO] CodeEngine:255 - oldGeneratedFile, C:\Users\joe\Desktop\Github\Cyphal_STM32\Node1\MXTmpFiles\system.tmp_save
2025-04-20 21:31:03,975 [INFO] CodeEngine:279 - Generated code: C:\Users\joe\Desktop\Github\Cyphal_STM32\Node1\MXTmpFiles\system.tmp
2025-04-20 21:31:04,040 [INFO] CodeEngine:311 - oldGeneratedFile, C:\Users\joe\Desktop\Github\Cyphal_STM32\Node1\Core\Inc\stm32l4xx_hal_conf.h_save
2025-04-20 21:31:04,140 [INFO] CodeEngine:335 - Generated code: C:\Users\joe\Desktop\Github\Cyphal_STM32\Node1\Core\Inc\stm32l4xx_hal_conf.h
2025-04-20 21:31:04,242 [INFO] CodeEngine:255 - oldGeneratedFile, C:\Users\joe\Desktop\Github\Cyphal_STM32\Node1\Core\Inc\main.h_save
2025-04-20 21:31:04,358 [INFO] CodeEngine:279 - Generated code: C:\Users\joe\Desktop\Github\Cyphal_STM32\Node1\Core\Inc\main.h
2025-04-20 21:31:04,405 [INFO] CodeEngine:255 - oldGeneratedFile, C:\Users\joe\Desktop\Github\Cyphal_STM32\Node1\Core\Src\main.c_save
2025-04-20 21:31:04,659 [INFO] CodeEngine:279 - Generated code: C:\Users\joe\Desktop\Github\Cyphal_STM32\Node1\Core\Src\main.c
2025-04-20 21:31:06,332 [INFO] ProjectBuilder:3249 - Time for Copy HAL[1] : 1441mS.
2025-04-20 21:31:06,337 [INFO] ProjectBuilder:4828 - Project Generator version: 4.4.0-B60
2025-04-20 21:31:06,420 [INFO] ConfigFileManager:1531 - The Die is : DIE435
2025-04-20 21:31:06,437 [INFO] ApiDbMcu:508 - Load IP Config File for FATFS
2025-04-20 21:31:06,447 [INFO] ApiDbMcu:508 - Load IP Config File for FREERTOS
2025-04-20 21:31:06,464 [INFO] ApiDbMcu:508 - Load IP Config File for TOUCHSENSING
2025-04-20 21:31:06,476 [INFO] ApiDbMcu:508 - Load IP Config File for USB_DEVICE
2025-04-20 21:31:06,862 [INFO] LogOutputStream:77 - [STDOUT_REDIRECT] 
2025-04-20 21:31:08,620 [INFO] ProjectBuilder:5097 - Time for Generating toolchain IDE Files: 2283mS.
2025-04-20 21:31:08,627 [INFO] ProjectBuilder:3107 - Time for Copy CMSIS : 6mS.
2025-04-20 21:31:08,630 [INFO] ProjectBuilder:3107 - Time for Copy CMSIS : 0mS.
